{"uid":"dfad3ad0334ce875","name":"test_tc_001_01_01_02_searching_requested_city_name_displayed_in_widget","fullName":"tests.test_group_byte_me.tests.main_page_test.TestMainPageHeader#test_tc_001_01_01_02_searching_requested_city_name_displayed_in_widget","historyId":"fc72eee41de5afca481aa91a2296a309","time":{"start":1686359923829,"stop":1686359954636,"duration":30807},"status":"broken","statusMessage":"selenium.common.exceptions.TimeoutException: Message: \nStacktrace:\n#0 0x556ef7652133 <unknown>\n#1 0x556ef7386966 <unknown>\n#2 0x556ef73c30dc <unknown>\n#3 0x556ef73c3211 <unknown>\n#4 0x556ef73fd6c4 <unknown>\n#5 0x556ef73e2bfd <unknown>\n#6 0x556ef73fb1c7 <unknown>\n#7 0x556ef73e29a3 <unknown>\n#8 0x556ef73b746a <unknown>\n#9 0x556ef73b855e <unknown>\n#10 0x556ef7611cae <unknown>\n#11 0x556ef76158fe <unknown>\n#12 0x556ef761ef20 <unknown>\n#13 0x556ef7616923 <unknown>\n#14 0x556ef75e9c0e <unknown>\n#15 0x556ef7639b08 <unknown>\n#16 0x556ef7639c97 <unknown>\n#17 0x556ef764a113 <unknown>\n#18 0x7f29e926db43 <unknown>","statusTrace":"self = <test_group_byte_me.tests.main_page_test.TestMainPageHeader object at 0x7f9c93614a30>\ndriver = <selenium.webdriver.chrome.webdriver.WebDriver (session=\"894b1b823f00e6394ec11f661e7157dd\")>\nwait = <selenium.webdriver.support.wait.WebDriverWait (session=\"894b1b823f00e6394ec11f661e7157dd\")>\nopen_and_load_main_page = None\n\n    def test_tc_001_01_01_02_searching_requested_city_name_displayed_in_widget(self, driver, wait, open_and_load_main_page):\n        main_page = MainPage(driver)\n>       main_page.check_search_city_result(wait, 'Kyiv, UA')\n\ntests/test_group_byte_me/tests/main_page_test.py:17: \n_ _ _ _ _ _ _ _ _ _ _ _ _ _ _ _ _ _ _ _ _ _ _ _ _ _ _ _ _ _ _ _ _ _ _ _ _ _ _ _ \ntests/test_group_byte_me/pages/main_page.py:44: in check_search_city_result\n    wait.until(EC.element_to_be_clickable(self.locators.SEARCH_OPTION_Locator)).click()\n_ _ _ _ _ _ _ _ _ _ _ _ _ _ _ _ _ _ _ _ _ _ _ _ _ _ _ _ _ _ _ _ _ _ _ _ _ _ _ _ \n\nself = <selenium.webdriver.support.wait.WebDriverWait (session=\"894b1b823f00e6394ec11f661e7157dd\")>\nmethod = <function element_to_be_clickable.<locals>._predicate at 0x7f9c921bc040>\nmessage = ''\n\n    def until(self, method, message: str = \"\"):\n        \"\"\"Calls the method provided with the driver as an argument until the \\\n        return value does not evaluate to ``False``.\n    \n        :param method: callable(WebDriver)\n        :param message: optional message for :exc:`TimeoutException`\n        :returns: the result of the last call to `method`\n        :raises: :exc:`selenium.common.exceptions.TimeoutException` if timeout occurs\n        \"\"\"\n        screen = None\n        stacktrace = None\n    \n        end_time = time.monotonic() + self._timeout\n        while True:\n            try:\n                value = method(self._driver)\n                if value:\n                    return value\n            except self._ignored_exceptions as exc:\n                screen = getattr(exc, \"screen\", None)\n                stacktrace = getattr(exc, \"stacktrace\", None)\n            time.sleep(self._poll)\n            if time.monotonic() > end_time:\n                break\n>       raise TimeoutException(message, screen, stacktrace)\nE       selenium.common.exceptions.TimeoutException: Message: \nE       Stacktrace:\nE       #0 0x556ef7652133 <unknown>\nE       #1 0x556ef7386966 <unknown>\nE       #2 0x556ef73c30dc <unknown>\nE       #3 0x556ef73c3211 <unknown>\nE       #4 0x556ef73fd6c4 <unknown>\nE       #5 0x556ef73e2bfd <unknown>\nE       #6 0x556ef73fb1c7 <unknown>\nE       #7 0x556ef73e29a3 <unknown>\nE       #8 0x556ef73b746a <unknown>\nE       #9 0x556ef73b855e <unknown>\nE       #10 0x556ef7611cae <unknown>\nE       #11 0x556ef76158fe <unknown>\nE       #12 0x556ef761ef20 <unknown>\nE       #13 0x556ef7616923 <unknown>\nE       #14 0x556ef75e9c0e <unknown>\nE       #15 0x556ef7639b08 <unknown>\nE       #16 0x556ef7639c97 <unknown>\nE       #17 0x556ef764a113 <unknown>\nE       #18 0x7f29e926db43 <unknown>\n\n/opt/hostedtoolcache/Python/3.10.11/x64/lib/python3.10/site-packages/selenium/webdriver/support/wait.py:95: TimeoutException","flaky":false,"newFailed":false,"newBroken":true,"newPassed":false,"retriesCount":0,"retriesStatusChange":false,"beforeStages":[{"name":"driver","time":{"start":1686359914471,"stop":1686359915236,"duration":765},"status":"passed","steps":[],"attachments":[],"parameters":[],"stepsCount":0,"attachmentsCount":0,"shouldDisplayMessage":false,"hasContent":false},{"name":"wait","time":{"start":1686359915236,"stop":1686359915237,"duration":1},"status":"passed","steps":[],"attachments":[],"parameters":[],"stepsCount":0,"attachmentsCount":0,"shouldDisplayMessage":false,"hasContent":false},{"name":"open_and_load_main_page","time":{"start":1686359915237,"stop":1686359923828,"duration":8591},"status":"passed","steps":[],"attachments":[],"parameters":[],"stepsCount":0,"attachmentsCount":0,"shouldDisplayMessage":false,"hasContent":false}],"testStage":{"status":"broken","statusMessage":"selenium.common.exceptions.TimeoutException: Message: \nStacktrace:\n#0 0x556ef7652133 <unknown>\n#1 0x556ef7386966 <unknown>\n#2 0x556ef73c30dc <unknown>\n#3 0x556ef73c3211 <unknown>\n#4 0x556ef73fd6c4 <unknown>\n#5 0x556ef73e2bfd <unknown>\n#6 0x556ef73fb1c7 <unknown>\n#7 0x556ef73e29a3 <unknown>\n#8 0x556ef73b746a <unknown>\n#9 0x556ef73b855e <unknown>\n#10 0x556ef7611cae <unknown>\n#11 0x556ef76158fe <unknown>\n#12 0x556ef761ef20 <unknown>\n#13 0x556ef7616923 <unknown>\n#14 0x556ef75e9c0e <unknown>\n#15 0x556ef7639b08 <unknown>\n#16 0x556ef7639c97 <unknown>\n#17 0x556ef764a113 <unknown>\n#18 0x7f29e926db43 <unknown>","statusTrace":"self = <test_group_byte_me.tests.main_page_test.TestMainPageHeader object at 0x7f9c93614a30>\ndriver = <selenium.webdriver.chrome.webdriver.WebDriver (session=\"894b1b823f00e6394ec11f661e7157dd\")>\nwait = <selenium.webdriver.support.wait.WebDriverWait (session=\"894b1b823f00e6394ec11f661e7157dd\")>\nopen_and_load_main_page = None\n\n    def test_tc_001_01_01_02_searching_requested_city_name_displayed_in_widget(self, driver, wait, open_and_load_main_page):\n        main_page = MainPage(driver)\n>       main_page.check_search_city_result(wait, 'Kyiv, UA')\n\ntests/test_group_byte_me/tests/main_page_test.py:17: \n_ _ _ _ _ _ _ _ _ _ _ _ _ _ _ _ _ _ _ _ _ _ _ _ _ _ _ _ _ _ _ _ _ _ _ _ _ _ _ _ \ntests/test_group_byte_me/pages/main_page.py:44: in check_search_city_result\n    wait.until(EC.element_to_be_clickable(self.locators.SEARCH_OPTION_Locator)).click()\n_ _ _ _ _ _ _ _ _ _ _ _ _ _ _ _ _ _ _ _ _ _ _ _ _ _ _ _ _ _ _ _ _ _ _ _ _ _ _ _ \n\nself = <selenium.webdriver.support.wait.WebDriverWait (session=\"894b1b823f00e6394ec11f661e7157dd\")>\nmethod = <function element_to_be_clickable.<locals>._predicate at 0x7f9c921bc040>\nmessage = ''\n\n    def until(self, method, message: str = \"\"):\n        \"\"\"Calls the method provided with the driver as an argument until the \\\n        return value does not evaluate to ``False``.\n    \n        :param method: callable(WebDriver)\n        :param message: optional message for :exc:`TimeoutException`\n        :returns: the result of the last call to `method`\n        :raises: :exc:`selenium.common.exceptions.TimeoutException` if timeout occurs\n        \"\"\"\n        screen = None\n        stacktrace = None\n    \n        end_time = time.monotonic() + self._timeout\n        while True:\n            try:\n                value = method(self._driver)\n                if value:\n                    return value\n            except self._ignored_exceptions as exc:\n                screen = getattr(exc, \"screen\", None)\n                stacktrace = getattr(exc, \"stacktrace\", None)\n            time.sleep(self._poll)\n            if time.monotonic() > end_time:\n                break\n>       raise TimeoutException(message, screen, stacktrace)\nE       selenium.common.exceptions.TimeoutException: Message: \nE       Stacktrace:\nE       #0 0x556ef7652133 <unknown>\nE       #1 0x556ef7386966 <unknown>\nE       #2 0x556ef73c30dc <unknown>\nE       #3 0x556ef73c3211 <unknown>\nE       #4 0x556ef73fd6c4 <unknown>\nE       #5 0x556ef73e2bfd <unknown>\nE       #6 0x556ef73fb1c7 <unknown>\nE       #7 0x556ef73e29a3 <unknown>\nE       #8 0x556ef73b746a <unknown>\nE       #9 0x556ef73b855e <unknown>\nE       #10 0x556ef7611cae <unknown>\nE       #11 0x556ef76158fe <unknown>\nE       #12 0x556ef761ef20 <unknown>\nE       #13 0x556ef7616923 <unknown>\nE       #14 0x556ef75e9c0e <unknown>\nE       #15 0x556ef7639b08 <unknown>\nE       #16 0x556ef7639c97 <unknown>\nE       #17 0x556ef764a113 <unknown>\nE       #18 0x7f29e926db43 <unknown>\n\n/opt/hostedtoolcache/Python/3.10.11/x64/lib/python3.10/site-packages/selenium/webdriver/support/wait.py:95: TimeoutException","steps":[],"attachments":[{"uid":"63ecfbb3703d105f","name":"Screenshot","source":"63ecfbb3703d105f.png","type":"image/png","size":408248},{"uid":"71ec1e2bfd665c54","name":"HTML source","source":"71ec1e2bfd665c54.html","type":"text/html","size":178807},{"uid":"b0f71c9416d5ea90","name":"stdout","source":"b0f71c9416d5ea90.txt","type":"text/plain","size":35}],"parameters":[],"stepsCount":0,"attachmentsCount":3,"shouldDisplayMessage":true,"hasContent":true},"afterStages":[{"name":"driver::0","time":{"start":1686359954946,"stop":1686359955005,"duration":59},"status":"passed","steps":[],"attachments":[],"parameters":[],"stepsCount":0,"attachmentsCount":0,"shouldDisplayMessage":false,"hasContent":false},{"name":"wait::0","time":{"start":1686359954946,"stop":1686359954946,"duration":0},"status":"passed","steps":[],"attachments":[],"parameters":[],"stepsCount":0,"attachmentsCount":0,"shouldDisplayMessage":false,"hasContent":false}],"labels":[{"name":"parentSuite","value":"tests.test_group_byte_me.tests"},{"name":"suite","value":"main_page_test"},{"name":"subSuite","value":"TestMainPageHeader"},{"name":"host","value":"fv-az955-634"},{"name":"thread","value":"2293-MainThread"},{"name":"framework","value":"pytest"},{"name":"language","value":"cpython3"},{"name":"package","value":"tests.test_group_byte_me.tests.main_page_test"},{"name":"resultFormat","value":"allure2"}],"parameters":[],"links":[],"hidden":false,"retry":false,"extra":{"severity":"normal","retries":[],"categories":[{"name":"Test defects","matchedStatuses":[],"flaky":false}],"history":{"statistic":{"failed":0,"broken":1,"skipped":0,"passed":1,"unknown":0,"total":2},"items":[{"uid":"7be11b8e81ddc7fd","reportUrl":"https://RedRoverSchool.github.io/OpenWeatherPython_06/12//#testresult/7be11b8e81ddc7fd","status":"passed","time":{"start":1686274056462,"stop":1686274072704,"duration":16242}}]},"tags":[]},"source":"dfad3ad0334ce875.json","parameterValues":[]}