{"uid":"3c1c0a265a9322bc","name":"test_tc_001_04_04_verify_in_day_list_first_element_month","fullName":"tests.test_group_ducktales.tests.test_main_page_d.TestMainPage#test_tc_001_04_04_verify_in_day_list_first_element_month","historyId":"6c8aff31efd4c36c2cb54277cb3b7e6e","time":{"start":1685495240569,"stop":1685495246366,"duration":5797},"status":"broken","statusMessage":"selenium.common.exceptions.TimeoutException: Message: \nStacktrace:\n#0 0x55e900fd1133 <unknown>\n#1 0x55e900d05966 <unknown>\n#2 0x55e900d420dc <unknown>\n#3 0x55e900d42211 <unknown>\n#4 0x55e900d7c6c4 <unknown>\n#5 0x55e900d61bfd <unknown>\n#6 0x55e900d7a1c7 <unknown>\n#7 0x55e900d619a3 <unknown>\n#8 0x55e900d3646a <unknown>\n#9 0x55e900d3755e <unknown>\n#10 0x55e900f90cae <unknown>\n#11 0x55e900f948fe <unknown>\n#12 0x55e900f9df20 <unknown>\n#13 0x55e900f95923 <unknown>\n#14 0x55e900f68c0e <unknown>\n#15 0x55e900fb8b08 <unknown>\n#16 0x55e900fb8c97 <unknown>\n#17 0x55e900fc9113 <unknown>\n#18 0x7f371715bb43 <unknown>","statusTrace":"self = <test_group_ducktales.tests.test_main_page_d.TestMainPage object at 0x7f86de2c5a50>\ndriver = <selenium.webdriver.chrome.webdriver.WebDriver (session=\"481a61f219440755bc0478068a356ec5\")>\nopen_and_load_main_page = None\n\n    def test_tc_001_04_04_verify_in_day_list_first_element_month(self, driver, open_and_load_main_page):\n        page = MainPage(driver, LINK_MAIN_PAGE)\n        page.open_page()\n>       page.check_months()\n\ntests/test_group_ducktales/tests/test_main_page_d.py:44: \n_ _ _ _ _ _ _ _ _ _ _ _ _ _ _ _ _ _ _ _ _ _ _ _ _ _ _ _ _ _ _ _ _ _ _ _ _ _ _ _ \ntests/test_group_ducktales/pages/main_page.py:78: in check_months\n    page_month = self.get_months()\ntests/test_group_ducktales/pages/main_page.py:69: in get_months\n    month = self.element_is_visible(MainLocator.FIRST_DAY_IN_8_DAY_FORECAST).text[5:-3]\npages/base_page.py:73: in element_is_visible\n    self.go_to_element(self.element_is_present(locator))\npages/base_page.py:95: in element_is_present\n    return wait(self.driver, timeout).until(EC.presence_of_element_located(locator))\n_ _ _ _ _ _ _ _ _ _ _ _ _ _ _ _ _ _ _ _ _ _ _ _ _ _ _ _ _ _ _ _ _ _ _ _ _ _ _ _ \n\nself = <selenium.webdriver.support.wait.WebDriverWait (session=\"481a61f219440755bc0478068a356ec5\")>\nmethod = <function presence_of_element_located.<locals>._predicate at 0x7f86ddfd6830>\nmessage = ''\n\n    def until(self, method, message: str = \"\"):\n        \"\"\"Calls the method provided with the driver as an argument until the \\\n        return value does not evaluate to ``False``.\n    \n        :param method: callable(WebDriver)\n        :param message: optional message for :exc:`TimeoutException`\n        :returns: the result of the last call to `method`\n        :raises: :exc:`selenium.common.exceptions.TimeoutException` if timeout occurs\n        \"\"\"\n        screen = None\n        stacktrace = None\n    \n        end_time = time.monotonic() + self._timeout\n        while True:\n            try:\n                value = method(self._driver)\n                if value:\n                    return value\n            except self._ignored_exceptions as exc:\n                screen = getattr(exc, \"screen\", None)\n                stacktrace = getattr(exc, \"stacktrace\", None)\n            time.sleep(self._poll)\n            if time.monotonic() > end_time:\n                break\n>       raise TimeoutException(message, screen, stacktrace)\nE       selenium.common.exceptions.TimeoutException: Message: \nE       Stacktrace:\nE       #0 0x55e900fd1133 <unknown>\nE       #1 0x55e900d05966 <unknown>\nE       #2 0x55e900d420dc <unknown>\nE       #3 0x55e900d42211 <unknown>\nE       #4 0x55e900d7c6c4 <unknown>\nE       #5 0x55e900d61bfd <unknown>\nE       #6 0x55e900d7a1c7 <unknown>\nE       #7 0x55e900d619a3 <unknown>\nE       #8 0x55e900d3646a <unknown>\nE       #9 0x55e900d3755e <unknown>\nE       #10 0x55e900f90cae <unknown>\nE       #11 0x55e900f948fe <unknown>\nE       #12 0x55e900f9df20 <unknown>\nE       #13 0x55e900f95923 <unknown>\nE       #14 0x55e900f68c0e <unknown>\nE       #15 0x55e900fb8b08 <unknown>\nE       #16 0x55e900fb8c97 <unknown>\nE       #17 0x55e900fc9113 <unknown>\nE       #18 0x7f371715bb43 <unknown>\n\n/opt/hostedtoolcache/Python/3.10.11/x64/lib/python3.10/site-packages/selenium/webdriver/support/wait.py:95: TimeoutException","flaky":false,"newFailed":false,"newBroken":true,"newPassed":false,"retriesCount":0,"retriesStatusChange":false,"beforeStages":[{"name":"driver","time":{"start":1685495232114,"stop":1685495232919,"duration":805},"status":"passed","steps":[],"attachments":[],"parameters":[],"stepsCount":0,"attachmentsCount":0,"shouldDisplayMessage":false,"hasContent":false},{"name":"open_and_load_main_page","time":{"start":1685495232920,"stop":1685495240568,"duration":7648},"status":"passed","steps":[],"attachments":[],"parameters":[],"stepsCount":0,"attachmentsCount":0,"shouldDisplayMessage":false,"hasContent":false},{"name":"wait","time":{"start":1685495232920,"stop":1685495232920,"duration":0},"status":"passed","steps":[],"attachments":[],"parameters":[],"stepsCount":0,"attachmentsCount":0,"shouldDisplayMessage":false,"hasContent":false}],"testStage":{"status":"broken","statusMessage":"selenium.common.exceptions.TimeoutException: Message: \nStacktrace:\n#0 0x55e900fd1133 <unknown>\n#1 0x55e900d05966 <unknown>\n#2 0x55e900d420dc <unknown>\n#3 0x55e900d42211 <unknown>\n#4 0x55e900d7c6c4 <unknown>\n#5 0x55e900d61bfd <unknown>\n#6 0x55e900d7a1c7 <unknown>\n#7 0x55e900d619a3 <unknown>\n#8 0x55e900d3646a <unknown>\n#9 0x55e900d3755e <unknown>\n#10 0x55e900f90cae <unknown>\n#11 0x55e900f948fe <unknown>\n#12 0x55e900f9df20 <unknown>\n#13 0x55e900f95923 <unknown>\n#14 0x55e900f68c0e <unknown>\n#15 0x55e900fb8b08 <unknown>\n#16 0x55e900fb8c97 <unknown>\n#17 0x55e900fc9113 <unknown>\n#18 0x7f371715bb43 <unknown>","statusTrace":"self = <test_group_ducktales.tests.test_main_page_d.TestMainPage object at 0x7f86de2c5a50>\ndriver = <selenium.webdriver.chrome.webdriver.WebDriver (session=\"481a61f219440755bc0478068a356ec5\")>\nopen_and_load_main_page = None\n\n    def test_tc_001_04_04_verify_in_day_list_first_element_month(self, driver, open_and_load_main_page):\n        page = MainPage(driver, LINK_MAIN_PAGE)\n        page.open_page()\n>       page.check_months()\n\ntests/test_group_ducktales/tests/test_main_page_d.py:44: \n_ _ _ _ _ _ _ _ _ _ _ _ _ _ _ _ _ _ _ _ _ _ _ _ _ _ _ _ _ _ _ _ _ _ _ _ _ _ _ _ \ntests/test_group_ducktales/pages/main_page.py:78: in check_months\n    page_month = self.get_months()\ntests/test_group_ducktales/pages/main_page.py:69: in get_months\n    month = self.element_is_visible(MainLocator.FIRST_DAY_IN_8_DAY_FORECAST).text[5:-3]\npages/base_page.py:73: in element_is_visible\n    self.go_to_element(self.element_is_present(locator))\npages/base_page.py:95: in element_is_present\n    return wait(self.driver, timeout).until(EC.presence_of_element_located(locator))\n_ _ _ _ _ _ _ _ _ _ _ _ _ _ _ _ _ _ _ _ _ _ _ _ _ _ _ _ _ _ _ _ _ _ _ _ _ _ _ _ \n\nself = <selenium.webdriver.support.wait.WebDriverWait (session=\"481a61f219440755bc0478068a356ec5\")>\nmethod = <function presence_of_element_located.<locals>._predicate at 0x7f86ddfd6830>\nmessage = ''\n\n    def until(self, method, message: str = \"\"):\n        \"\"\"Calls the method provided with the driver as an argument until the \\\n        return value does not evaluate to ``False``.\n    \n        :param method: callable(WebDriver)\n        :param message: optional message for :exc:`TimeoutException`\n        :returns: the result of the last call to `method`\n        :raises: :exc:`selenium.common.exceptions.TimeoutException` if timeout occurs\n        \"\"\"\n        screen = None\n        stacktrace = None\n    \n        end_time = time.monotonic() + self._timeout\n        while True:\n            try:\n                value = method(self._driver)\n                if value:\n                    return value\n            except self._ignored_exceptions as exc:\n                screen = getattr(exc, \"screen\", None)\n                stacktrace = getattr(exc, \"stacktrace\", None)\n            time.sleep(self._poll)\n            if time.monotonic() > end_time:\n                break\n>       raise TimeoutException(message, screen, stacktrace)\nE       selenium.common.exceptions.TimeoutException: Message: \nE       Stacktrace:\nE       #0 0x55e900fd1133 <unknown>\nE       #1 0x55e900d05966 <unknown>\nE       #2 0x55e900d420dc <unknown>\nE       #3 0x55e900d42211 <unknown>\nE       #4 0x55e900d7c6c4 <unknown>\nE       #5 0x55e900d61bfd <unknown>\nE       #6 0x55e900d7a1c7 <unknown>\nE       #7 0x55e900d619a3 <unknown>\nE       #8 0x55e900d3646a <unknown>\nE       #9 0x55e900d3755e <unknown>\nE       #10 0x55e900f90cae <unknown>\nE       #11 0x55e900f948fe <unknown>\nE       #12 0x55e900f9df20 <unknown>\nE       #13 0x55e900f95923 <unknown>\nE       #14 0x55e900f68c0e <unknown>\nE       #15 0x55e900fb8b08 <unknown>\nE       #16 0x55e900fb8c97 <unknown>\nE       #17 0x55e900fc9113 <unknown>\nE       #18 0x7f371715bb43 <unknown>\n\n/opt/hostedtoolcache/Python/3.10.11/x64/lib/python3.10/site-packages/selenium/webdriver/support/wait.py:95: TimeoutException","steps":[],"attachments":[{"uid":"4ca3dce8da2cad27","name":"Screenshot","source":"4ca3dce8da2cad27.png","type":"image/png","size":385052},{"uid":"a171c1d0b1920d03","name":"HTML source","source":"a171c1d0b1920d03.html","type":"text/html","size":180185},{"uid":"e55c5bb4ed3e6b49","name":"stdout","source":"e55c5bb4ed3e6b49.txt","type":"text/plain","size":35}],"parameters":[],"stepsCount":0,"attachmentsCount":3,"shouldDisplayMessage":true,"hasContent":true},"afterStages":[{"name":"wait::0","time":{"start":1685495246742,"stop":1685495246742,"duration":0},"status":"passed","steps":[],"attachments":[],"parameters":[],"stepsCount":0,"attachmentsCount":0,"shouldDisplayMessage":false,"hasContent":false},{"name":"driver::0","time":{"start":1685495246743,"stop":1685495246801,"duration":58},"status":"passed","steps":[],"attachments":[],"parameters":[],"stepsCount":0,"attachmentsCount":0,"shouldDisplayMessage":false,"hasContent":false}],"labels":[{"name":"parentSuite","value":"tests.test_group_ducktales.tests"},{"name":"suite","value":"test_main_page_d"},{"name":"subSuite","value":"TestMainPage"},{"name":"host","value":"fv-az612-94"},{"name":"thread","value":"2396-MainThread"},{"name":"framework","value":"pytest"},{"name":"language","value":"cpython3"},{"name":"package","value":"tests.test_group_ducktales.tests.test_main_page_d"},{"name":"resultFormat","value":"allure2"}],"parameters":[],"links":[],"hidden":false,"retry":false,"extra":{"severity":"normal","retries":[],"categories":[{"name":"Test defects","matchedStatuses":[],"flaky":false}],"history":{"statistic":{"failed":0,"broken":1,"skipped":0,"passed":1,"unknown":0,"total":2},"items":[{"uid":"6efec3cfee04e887","reportUrl":"https://RedRoverSchool.github.io/OpenWeatherPython_06/2//#testresult/6efec3cfee04e887","status":"passed","time":{"start":1685408335059,"stop":1685408336307,"duration":1248}}]},"tags":[]},"source":"3c1c0a265a9322bc.json","parameterValues":[]}