{"uid":"6f193c9dd6a4293e","name":"test_tc_001_04_04_verify_in_day_list_first_element_month","fullName":"tests.test_group_ducktales.tests.test_main_page.TestMainPage#test_tc_001_04_04_verify_in_day_list_first_element_month","historyId":"5a190ab5cfef40111e09a5ad012192d2","time":{"start":1685243872237,"stop":1685243877995,"duration":5758},"status":"broken","statusMessage":"selenium.common.exceptions.TimeoutException: Message: \nStacktrace:\n#0 0x56187c65b133 <unknown>\n#1 0x56187c38f966 <unknown>\n#2 0x56187c3cc0dc <unknown>\n#3 0x56187c3cc211 <unknown>\n#4 0x56187c4066c4 <unknown>\n#5 0x56187c3ebbfd <unknown>\n#6 0x56187c4041c7 <unknown>\n#7 0x56187c3eb9a3 <unknown>\n#8 0x56187c3c046a <unknown>\n#9 0x56187c3c155e <unknown>\n#10 0x56187c61acae <unknown>\n#11 0x56187c61e8fe <unknown>\n#12 0x56187c627f20 <unknown>\n#13 0x56187c61f923 <unknown>\n#14 0x56187c5f2c0e <unknown>\n#15 0x56187c642b08 <unknown>\n#16 0x56187c642c97 <unknown>\n#17 0x56187c653113 <unknown>\n#18 0x7fbad4670b43 <unknown>","statusTrace":"self = <test_group_ducktales.tests.test_main_page.TestMainPage object at 0x7fb662b94eb0>\ndriver = <selenium.webdriver.chrome.webdriver.WebDriver (session=\"fab8654641be1425d03f07b7b228f9a1\")>\nopen_and_load_main_page = None\n\n    def test_tc_001_04_04_verify_in_day_list_first_element_month(self, driver, open_and_load_main_page):\n        page = MainPage(driver, LINK_MAIN_PAGE)\n        page.open_page()\n>       page.check_months()\n\ntests/test_group_ducktales/tests/test_main_page.py:44: \n_ _ _ _ _ _ _ _ _ _ _ _ _ _ _ _ _ _ _ _ _ _ _ _ _ _ _ _ _ _ _ _ _ _ _ _ _ _ _ _ \ntests/test_group_ducktales/pages/main_page.py:72: in check_months\n    page_month = self.get_months()\ntests/test_group_ducktales/pages/main_page.py:63: in get_months\n    month = self.element_is_visible(MainLocator.FIRST_DAY_IN_8_DAY_FORECAST).text[5:-3]\npages/base_page.py:65: in element_is_visible\n    self.go_to_element(self.element_is_present(locator))\npages/base_page.py:87: in element_is_present\n    return wait(self.driver, timeout).until(EC.presence_of_element_located(locator))\n_ _ _ _ _ _ _ _ _ _ _ _ _ _ _ _ _ _ _ _ _ _ _ _ _ _ _ _ _ _ _ _ _ _ _ _ _ _ _ _ \n\nself = <selenium.webdriver.support.wait.WebDriverWait (session=\"fab8654641be1425d03f07b7b228f9a1\")>\nmethod = <function presence_of_element_located.<locals>._predicate at 0x7fb661889900>\nmessage = ''\n\n    def until(self, method, message: str = \"\"):\n        \"\"\"Calls the method provided with the driver as an argument until the \\\n        return value does not evaluate to ``False``.\n    \n        :param method: callable(WebDriver)\n        :param message: optional message for :exc:`TimeoutException`\n        :returns: the result of the last call to `method`\n        :raises: :exc:`selenium.common.exceptions.TimeoutException` if timeout occurs\n        \"\"\"\n        screen = None\n        stacktrace = None\n    \n        end_time = time.monotonic() + self._timeout\n        while True:\n            try:\n                value = method(self._driver)\n                if value:\n                    return value\n            except self._ignored_exceptions as exc:\n                screen = getattr(exc, \"screen\", None)\n                stacktrace = getattr(exc, \"stacktrace\", None)\n            time.sleep(self._poll)\n            if time.monotonic() > end_time:\n                break\n>       raise TimeoutException(message, screen, stacktrace)\nE       selenium.common.exceptions.TimeoutException: Message: \nE       Stacktrace:\nE       #0 0x56187c65b133 <unknown>\nE       #1 0x56187c38f966 <unknown>\nE       #2 0x56187c3cc0dc <unknown>\nE       #3 0x56187c3cc211 <unknown>\nE       #4 0x56187c4066c4 <unknown>\nE       #5 0x56187c3ebbfd <unknown>\nE       #6 0x56187c4041c7 <unknown>\nE       #7 0x56187c3eb9a3 <unknown>\nE       #8 0x56187c3c046a <unknown>\nE       #9 0x56187c3c155e <unknown>\nE       #10 0x56187c61acae <unknown>\nE       #11 0x56187c61e8fe <unknown>\nE       #12 0x56187c627f20 <unknown>\nE       #13 0x56187c61f923 <unknown>\nE       #14 0x56187c5f2c0e <unknown>\nE       #15 0x56187c642b08 <unknown>\nE       #16 0x56187c642c97 <unknown>\nE       #17 0x56187c653113 <unknown>\nE       #18 0x7fbad4670b43 <unknown>\n\n/opt/hostedtoolcache/Python/3.10.11/x64/lib/python3.10/site-packages/selenium/webdriver/support/wait.py:95: TimeoutException","flaky":false,"newFailed":false,"newBroken":true,"newPassed":false,"retriesCount":0,"retriesStatusChange":false,"beforeStages":[{"name":"driver","time":{"start":1685243864057,"stop":1685243864843,"duration":786},"status":"passed","steps":[],"attachments":[],"parameters":[],"stepsCount":0,"attachmentsCount":0,"shouldDisplayMessage":false,"hasContent":false},{"name":"open_and_load_main_page","time":{"start":1685243864843,"stop":1685243872236,"duration":7393},"status":"passed","steps":[],"attachments":[],"parameters":[],"stepsCount":0,"attachmentsCount":0,"shouldDisplayMessage":false,"hasContent":false},{"name":"wait","time":{"start":1685243864843,"stop":1685243864843,"duration":0},"status":"passed","steps":[],"attachments":[],"parameters":[],"stepsCount":0,"attachmentsCount":0,"shouldDisplayMessage":false,"hasContent":false}],"testStage":{"status":"broken","statusMessage":"selenium.common.exceptions.TimeoutException: Message: \nStacktrace:\n#0 0x56187c65b133 <unknown>\n#1 0x56187c38f966 <unknown>\n#2 0x56187c3cc0dc <unknown>\n#3 0x56187c3cc211 <unknown>\n#4 0x56187c4066c4 <unknown>\n#5 0x56187c3ebbfd <unknown>\n#6 0x56187c4041c7 <unknown>\n#7 0x56187c3eb9a3 <unknown>\n#8 0x56187c3c046a <unknown>\n#9 0x56187c3c155e <unknown>\n#10 0x56187c61acae <unknown>\n#11 0x56187c61e8fe <unknown>\n#12 0x56187c627f20 <unknown>\n#13 0x56187c61f923 <unknown>\n#14 0x56187c5f2c0e <unknown>\n#15 0x56187c642b08 <unknown>\n#16 0x56187c642c97 <unknown>\n#17 0x56187c653113 <unknown>\n#18 0x7fbad4670b43 <unknown>","statusTrace":"self = <test_group_ducktales.tests.test_main_page.TestMainPage object at 0x7fb662b94eb0>\ndriver = <selenium.webdriver.chrome.webdriver.WebDriver (session=\"fab8654641be1425d03f07b7b228f9a1\")>\nopen_and_load_main_page = None\n\n    def test_tc_001_04_04_verify_in_day_list_first_element_month(self, driver, open_and_load_main_page):\n        page = MainPage(driver, LINK_MAIN_PAGE)\n        page.open_page()\n>       page.check_months()\n\ntests/test_group_ducktales/tests/test_main_page.py:44: \n_ _ _ _ _ _ _ _ _ _ _ _ _ _ _ _ _ _ _ _ _ _ _ _ _ _ _ _ _ _ _ _ _ _ _ _ _ _ _ _ \ntests/test_group_ducktales/pages/main_page.py:72: in check_months\n    page_month = self.get_months()\ntests/test_group_ducktales/pages/main_page.py:63: in get_months\n    month = self.element_is_visible(MainLocator.FIRST_DAY_IN_8_DAY_FORECAST).text[5:-3]\npages/base_page.py:65: in element_is_visible\n    self.go_to_element(self.element_is_present(locator))\npages/base_page.py:87: in element_is_present\n    return wait(self.driver, timeout).until(EC.presence_of_element_located(locator))\n_ _ _ _ _ _ _ _ _ _ _ _ _ _ _ _ _ _ _ _ _ _ _ _ _ _ _ _ _ _ _ _ _ _ _ _ _ _ _ _ \n\nself = <selenium.webdriver.support.wait.WebDriverWait (session=\"fab8654641be1425d03f07b7b228f9a1\")>\nmethod = <function presence_of_element_located.<locals>._predicate at 0x7fb661889900>\nmessage = ''\n\n    def until(self, method, message: str = \"\"):\n        \"\"\"Calls the method provided with the driver as an argument until the \\\n        return value does not evaluate to ``False``.\n    \n        :param method: callable(WebDriver)\n        :param message: optional message for :exc:`TimeoutException`\n        :returns: the result of the last call to `method`\n        :raises: :exc:`selenium.common.exceptions.TimeoutException` if timeout occurs\n        \"\"\"\n        screen = None\n        stacktrace = None\n    \n        end_time = time.monotonic() + self._timeout\n        while True:\n            try:\n                value = method(self._driver)\n                if value:\n                    return value\n            except self._ignored_exceptions as exc:\n                screen = getattr(exc, \"screen\", None)\n                stacktrace = getattr(exc, \"stacktrace\", None)\n            time.sleep(self._poll)\n            if time.monotonic() > end_time:\n                break\n>       raise TimeoutException(message, screen, stacktrace)\nE       selenium.common.exceptions.TimeoutException: Message: \nE       Stacktrace:\nE       #0 0x56187c65b133 <unknown>\nE       #1 0x56187c38f966 <unknown>\nE       #2 0x56187c3cc0dc <unknown>\nE       #3 0x56187c3cc211 <unknown>\nE       #4 0x56187c4066c4 <unknown>\nE       #5 0x56187c3ebbfd <unknown>\nE       #6 0x56187c4041c7 <unknown>\nE       #7 0x56187c3eb9a3 <unknown>\nE       #8 0x56187c3c046a <unknown>\nE       #9 0x56187c3c155e <unknown>\nE       #10 0x56187c61acae <unknown>\nE       #11 0x56187c61e8fe <unknown>\nE       #12 0x56187c627f20 <unknown>\nE       #13 0x56187c61f923 <unknown>\nE       #14 0x56187c5f2c0e <unknown>\nE       #15 0x56187c642b08 <unknown>\nE       #16 0x56187c642c97 <unknown>\nE       #17 0x56187c653113 <unknown>\nE       #18 0x7fbad4670b43 <unknown>\n\n/opt/hostedtoolcache/Python/3.10.11/x64/lib/python3.10/site-packages/selenium/webdriver/support/wait.py:95: TimeoutException","steps":[],"attachments":[{"uid":"c4fae96fbe74496e","name":"Screenshot","source":"c4fae96fbe74496e.png","type":"image/png","size":385052},{"uid":"8839db00db4f37f9","name":"HTML source","source":"8839db00db4f37f9.html","type":"text/html","size":180206},{"uid":"34ca38745c247ae","name":"stdout","source":"34ca38745c247ae.txt","type":"text/plain","size":35}],"parameters":[],"stepsCount":0,"attachmentsCount":3,"shouldDisplayMessage":true,"hasContent":true},"afterStages":[{"name":"wait::0","time":{"start":1685243878334,"stop":1685243878334,"duration":0},"status":"passed","steps":[],"attachments":[],"parameters":[],"stepsCount":0,"attachmentsCount":0,"shouldDisplayMessage":false,"hasContent":false},{"name":"driver::0","time":{"start":1685243878335,"stop":1685243878393,"duration":58},"status":"passed","steps":[],"attachments":[],"parameters":[],"stepsCount":0,"attachmentsCount":0,"shouldDisplayMessage":false,"hasContent":false}],"labels":[{"name":"parentSuite","value":"tests.test_group_ducktales.tests"},{"name":"suite","value":"test_main_page"},{"name":"subSuite","value":"TestMainPage"},{"name":"host","value":"fv-az398-265"},{"name":"thread","value":"2329-MainThread"},{"name":"framework","value":"pytest"},{"name":"language","value":"cpython3"},{"name":"package","value":"tests.test_group_ducktales.tests.test_main_page"},{"name":"resultFormat","value":"allure2"}],"parameters":[],"links":[],"hidden":false,"retry":false,"extra":{"severity":"normal","retries":[],"categories":[{"name":"Test defects","matchedStatuses":[],"flaky":false}],"history":{"statistic":{"failed":0,"broken":2,"skipped":0,"passed":1,"unknown":0,"total":3},"items":[{"uid":"c848733a3211daae","reportUrl":"https://RedRoverSchool.github.io/OpenWeatherPython_06/2//#testresult/c848733a3211daae","status":"passed","time":{"start":1685241872303,"stop":1685241873476,"duration":1173}},{"uid":"15da22d5c0a06c0b","reportUrl":"https://RedRoverSchool.github.io/OpenWeatherPython_06/1//#testresult/15da22d5c0a06c0b","status":"broken","statusDetails":"selenium.common.exceptions.TimeoutException: Message: \nStacktrace:\n#0 0x55a772d59133 <unknown>\n#1 0x55a772a8d966 <unknown>\n#2 0x55a772aca0dc <unknown>\n#3 0x55a772aca211 <unknown>\n#4 0x55a772b046c4 <unknown>\n#5 0x55a772ae9bfd <unknown>\n#6 0x55a772b021c7 <unknown>\n#7 0x55a772ae99a3 <unknown>\n#8 0x55a772abe46a <unknown>\n#9 0x55a772abf55e <unknown>\n#10 0x55a772d18cae <unknown>\n#11 0x55a772d1c8fe <unknown>\n#12 0x55a772d25f20 <unknown>\n#13 0x55a772d1d923 <unknown>\n#14 0x55a772cf0c0e <unknown>\n#15 0x55a772d40b08 <unknown>\n#16 0x55a772d40c97 <unknown>\n#17 0x55a772d51113 <unknown>\n#18 0x7fa6054c8b43 <unknown>","time":{"start":1685238371471,"stop":1685238377149,"duration":5678}}]},"tags":[]},"source":"6f193c9dd6a4293e.json","parameterValues":[]}