{"uid":"7ddf2be17243bd56","name":"test_tc_001_04_03_verify_in_day_list_first_element_day_by_week","fullName":"tests.test_group_ducktales.tests.test_main_page.TestMainPage#test_tc_001_04_03_verify_in_day_list_first_element_day_by_week","historyId":"7f99b19bdb3fb5481787ef598664bc43","time":{"start":1685243823146,"stop":1685243828268,"duration":5122},"status":"broken","statusMessage":"selenium.common.exceptions.TimeoutException: Message: \nStacktrace:\n#0 0x55b77bb42133 <unknown>\n#1 0x55b77b876966 <unknown>\n#2 0x55b77b8b30dc <unknown>\n#3 0x55b77b8b3211 <unknown>\n#4 0x55b77b8ed6c4 <unknown>\n#5 0x55b77b8d2bfd <unknown>\n#6 0x55b77b8eb1c7 <unknown>\n#7 0x55b77b8d29a3 <unknown>\n#8 0x55b77b8a746a <unknown>\n#9 0x55b77b8a855e <unknown>\n#10 0x55b77bb01cae <unknown>\n#11 0x55b77bb058fe <unknown>\n#12 0x55b77bb0ef20 <unknown>\n#13 0x55b77bb06923 <unknown>\n#14 0x55b77bad9c0e <unknown>\n#15 0x55b77bb29b08 <unknown>\n#16 0x55b77bb29c97 <unknown>\n#17 0x55b77bb3a113 <unknown>\n#18 0x7f53c9627b43 <unknown>","statusTrace":"self = <test_group_ducktales.tests.test_main_page.TestMainPage object at 0x7fb662b966b0>\ndriver = <selenium.webdriver.chrome.webdriver.WebDriver (session=\"fdfc9c704145630d85d719ecaa581a60\")>\nopen_and_load_main_page = None\n\n    def test_tc_001_04_03_verify_in_day_list_first_element_day_by_week(self, driver, open_and_load_main_page):\n        page = MainPage(driver)\n>       page.check_day()\n\ntests/test_group_ducktales/tests/test_main_page.py:9: \n_ _ _ _ _ _ _ _ _ _ _ _ _ _ _ _ _ _ _ _ _ _ _ _ _ _ _ _ _ _ _ _ _ _ _ _ _ _ _ _ \ntests/test_group_ducktales/pages/main_page.py:87: in check_day\n    day_by_weak = self.get_day_by_weak()\ntests/test_group_ducktales/pages/main_page.py:11: in get_day_by_weak\n    element = self.element_is_visible(MainLocator.FIRST_DAY_IN_8_DAY_FORECAST).text[:3]\npages/base_page.py:65: in element_is_visible\n    self.go_to_element(self.element_is_present(locator))\npages/base_page.py:87: in element_is_present\n    return wait(self.driver, timeout).until(EC.presence_of_element_located(locator))\n_ _ _ _ _ _ _ _ _ _ _ _ _ _ _ _ _ _ _ _ _ _ _ _ _ _ _ _ _ _ _ _ _ _ _ _ _ _ _ _ \n\nself = <selenium.webdriver.support.wait.WebDriverWait (session=\"fdfc9c704145630d85d719ecaa581a60\")>\nmethod = <function presence_of_element_located.<locals>._predicate at 0x7fb661889120>\nmessage = ''\n\n    def until(self, method, message: str = \"\"):\n        \"\"\"Calls the method provided with the driver as an argument until the \\\n        return value does not evaluate to ``False``.\n    \n        :param method: callable(WebDriver)\n        :param message: optional message for :exc:`TimeoutException`\n        :returns: the result of the last call to `method`\n        :raises: :exc:`selenium.common.exceptions.TimeoutException` if timeout occurs\n        \"\"\"\n        screen = None\n        stacktrace = None\n    \n        end_time = time.monotonic() + self._timeout\n        while True:\n            try:\n                value = method(self._driver)\n                if value:\n                    return value\n            except self._ignored_exceptions as exc:\n                screen = getattr(exc, \"screen\", None)\n                stacktrace = getattr(exc, \"stacktrace\", None)\n            time.sleep(self._poll)\n            if time.monotonic() > end_time:\n                break\n>       raise TimeoutException(message, screen, stacktrace)\nE       selenium.common.exceptions.TimeoutException: Message: \nE       Stacktrace:\nE       #0 0x55b77bb42133 <unknown>\nE       #1 0x55b77b876966 <unknown>\nE       #2 0x55b77b8b30dc <unknown>\nE       #3 0x55b77b8b3211 <unknown>\nE       #4 0x55b77b8ed6c4 <unknown>\nE       #5 0x55b77b8d2bfd <unknown>\nE       #6 0x55b77b8eb1c7 <unknown>\nE       #7 0x55b77b8d29a3 <unknown>\nE       #8 0x55b77b8a746a <unknown>\nE       #9 0x55b77b8a855e <unknown>\nE       #10 0x55b77bb01cae <unknown>\nE       #11 0x55b77bb058fe <unknown>\nE       #12 0x55b77bb0ef20 <unknown>\nE       #13 0x55b77bb06923 <unknown>\nE       #14 0x55b77bad9c0e <unknown>\nE       #15 0x55b77bb29b08 <unknown>\nE       #16 0x55b77bb29c97 <unknown>\nE       #17 0x55b77bb3a113 <unknown>\nE       #18 0x7f53c9627b43 <unknown>\n\n/opt/hostedtoolcache/Python/3.10.11/x64/lib/python3.10/site-packages/selenium/webdriver/support/wait.py:95: TimeoutException","flaky":false,"newFailed":false,"newBroken":true,"newPassed":false,"retriesCount":0,"retriesStatusChange":false,"beforeStages":[{"name":"driver","time":{"start":1685243815062,"stop":1685243815844,"duration":782},"status":"passed","steps":[],"attachments":[],"parameters":[],"stepsCount":0,"attachmentsCount":0,"shouldDisplayMessage":false,"hasContent":false},{"name":"wait","time":{"start":1685243815844,"stop":1685243815844,"duration":0},"status":"passed","steps":[],"attachments":[],"parameters":[],"stepsCount":0,"attachmentsCount":0,"shouldDisplayMessage":false,"hasContent":false},{"name":"open_and_load_main_page","time":{"start":1685243815844,"stop":1685243823145,"duration":7301},"status":"passed","steps":[],"attachments":[],"parameters":[],"stepsCount":0,"attachmentsCount":0,"shouldDisplayMessage":false,"hasContent":false}],"testStage":{"status":"broken","statusMessage":"selenium.common.exceptions.TimeoutException: Message: \nStacktrace:\n#0 0x55b77bb42133 <unknown>\n#1 0x55b77b876966 <unknown>\n#2 0x55b77b8b30dc <unknown>\n#3 0x55b77b8b3211 <unknown>\n#4 0x55b77b8ed6c4 <unknown>\n#5 0x55b77b8d2bfd <unknown>\n#6 0x55b77b8eb1c7 <unknown>\n#7 0x55b77b8d29a3 <unknown>\n#8 0x55b77b8a746a <unknown>\n#9 0x55b77b8a855e <unknown>\n#10 0x55b77bb01cae <unknown>\n#11 0x55b77bb058fe <unknown>\n#12 0x55b77bb0ef20 <unknown>\n#13 0x55b77bb06923 <unknown>\n#14 0x55b77bad9c0e <unknown>\n#15 0x55b77bb29b08 <unknown>\n#16 0x55b77bb29c97 <unknown>\n#17 0x55b77bb3a113 <unknown>\n#18 0x7f53c9627b43 <unknown>","statusTrace":"self = <test_group_ducktales.tests.test_main_page.TestMainPage object at 0x7fb662b966b0>\ndriver = <selenium.webdriver.chrome.webdriver.WebDriver (session=\"fdfc9c704145630d85d719ecaa581a60\")>\nopen_and_load_main_page = None\n\n    def test_tc_001_04_03_verify_in_day_list_first_element_day_by_week(self, driver, open_and_load_main_page):\n        page = MainPage(driver)\n>       page.check_day()\n\ntests/test_group_ducktales/tests/test_main_page.py:9: \n_ _ _ _ _ _ _ _ _ _ _ _ _ _ _ _ _ _ _ _ _ _ _ _ _ _ _ _ _ _ _ _ _ _ _ _ _ _ _ _ \ntests/test_group_ducktales/pages/main_page.py:87: in check_day\n    day_by_weak = self.get_day_by_weak()\ntests/test_group_ducktales/pages/main_page.py:11: in get_day_by_weak\n    element = self.element_is_visible(MainLocator.FIRST_DAY_IN_8_DAY_FORECAST).text[:3]\npages/base_page.py:65: in element_is_visible\n    self.go_to_element(self.element_is_present(locator))\npages/base_page.py:87: in element_is_present\n    return wait(self.driver, timeout).until(EC.presence_of_element_located(locator))\n_ _ _ _ _ _ _ _ _ _ _ _ _ _ _ _ _ _ _ _ _ _ _ _ _ _ _ _ _ _ _ _ _ _ _ _ _ _ _ _ \n\nself = <selenium.webdriver.support.wait.WebDriverWait (session=\"fdfc9c704145630d85d719ecaa581a60\")>\nmethod = <function presence_of_element_located.<locals>._predicate at 0x7fb661889120>\nmessage = ''\n\n    def until(self, method, message: str = \"\"):\n        \"\"\"Calls the method provided with the driver as an argument until the \\\n        return value does not evaluate to ``False``.\n    \n        :param method: callable(WebDriver)\n        :param message: optional message for :exc:`TimeoutException`\n        :returns: the result of the last call to `method`\n        :raises: :exc:`selenium.common.exceptions.TimeoutException` if timeout occurs\n        \"\"\"\n        screen = None\n        stacktrace = None\n    \n        end_time = time.monotonic() + self._timeout\n        while True:\n            try:\n                value = method(self._driver)\n                if value:\n                    return value\n            except self._ignored_exceptions as exc:\n                screen = getattr(exc, \"screen\", None)\n                stacktrace = getattr(exc, \"stacktrace\", None)\n            time.sleep(self._poll)\n            if time.monotonic() > end_time:\n                break\n>       raise TimeoutException(message, screen, stacktrace)\nE       selenium.common.exceptions.TimeoutException: Message: \nE       Stacktrace:\nE       #0 0x55b77bb42133 <unknown>\nE       #1 0x55b77b876966 <unknown>\nE       #2 0x55b77b8b30dc <unknown>\nE       #3 0x55b77b8b3211 <unknown>\nE       #4 0x55b77b8ed6c4 <unknown>\nE       #5 0x55b77b8d2bfd <unknown>\nE       #6 0x55b77b8eb1c7 <unknown>\nE       #7 0x55b77b8d29a3 <unknown>\nE       #8 0x55b77b8a746a <unknown>\nE       #9 0x55b77b8a855e <unknown>\nE       #10 0x55b77bb01cae <unknown>\nE       #11 0x55b77bb058fe <unknown>\nE       #12 0x55b77bb0ef20 <unknown>\nE       #13 0x55b77bb06923 <unknown>\nE       #14 0x55b77bad9c0e <unknown>\nE       #15 0x55b77bb29b08 <unknown>\nE       #16 0x55b77bb29c97 <unknown>\nE       #17 0x55b77bb3a113 <unknown>\nE       #18 0x7f53c9627b43 <unknown>\n\n/opt/hostedtoolcache/Python/3.10.11/x64/lib/python3.10/site-packages/selenium/webdriver/support/wait.py:95: TimeoutException","steps":[],"attachments":[{"uid":"5cede993acfd5670","name":"Screenshot","source":"5cede993acfd5670.png","type":"image/png","size":524865},{"uid":"ba61586cfa68a123","name":"HTML source","source":"ba61586cfa68a123.html","type":"text/html","size":178615},{"uid":"3197f8ca659feed1","name":"stdout","source":"3197f8ca659feed1.txt","type":"text/plain","size":35}],"parameters":[],"stepsCount":0,"attachmentsCount":3,"shouldDisplayMessage":true,"hasContent":true},"afterStages":[{"name":"driver::0","time":{"start":1685243828660,"stop":1685243828718,"duration":58},"status":"passed","steps":[],"attachments":[],"parameters":[],"stepsCount":0,"attachmentsCount":0,"shouldDisplayMessage":false,"hasContent":false},{"name":"wait::0","time":{"start":1685243828660,"stop":1685243828660,"duration":0},"status":"passed","steps":[],"attachments":[],"parameters":[],"stepsCount":0,"attachmentsCount":0,"shouldDisplayMessage":false,"hasContent":false}],"labels":[{"name":"parentSuite","value":"tests.test_group_ducktales.tests"},{"name":"suite","value":"test_main_page"},{"name":"subSuite","value":"TestMainPage"},{"name":"host","value":"fv-az398-265"},{"name":"thread","value":"2329-MainThread"},{"name":"framework","value":"pytest"},{"name":"language","value":"cpython3"},{"name":"package","value":"tests.test_group_ducktales.tests.test_main_page"},{"name":"resultFormat","value":"allure2"}],"parameters":[],"links":[],"hidden":false,"retry":false,"extra":{"severity":"normal","retries":[],"categories":[{"name":"Test defects","matchedStatuses":[],"flaky":false}],"history":{"statistic":{"failed":0,"broken":2,"skipped":0,"passed":1,"unknown":0,"total":3},"items":[{"uid":"b4b8c39b9ebd154e","reportUrl":"https://RedRoverSchool.github.io/OpenWeatherPython_06/2//#testresult/b4b8c39b9ebd154e","status":"passed","time":{"start":1685241845864,"stop":1685241845921,"duration":57}},{"uid":"25f9a94f5762cedb","reportUrl":"https://RedRoverSchool.github.io/OpenWeatherPython_06/1//#testresult/25f9a94f5762cedb","status":"broken","statusDetails":"selenium.common.exceptions.TimeoutException: Message: \nStacktrace:\n#0 0x562d2a0b6133 <unknown>\n#1 0x562d29dea966 <unknown>\n#2 0x562d29e270dc <unknown>\n#3 0x562d29e27211 <unknown>\n#4 0x562d29e616c4 <unknown>\n#5 0x562d29e46bfd <unknown>\n#6 0x562d29e5f1c7 <unknown>\n#7 0x562d29e469a3 <unknown>\n#8 0x562d29e1b46a <unknown>\n#9 0x562d29e1c55e <unknown>\n#10 0x562d2a075cae <unknown>\n#11 0x562d2a0798fe <unknown>\n#12 0x562d2a082f20 <unknown>\n#13 0x562d2a07a923 <unknown>\n#14 0x562d2a04dc0e <unknown>\n#15 0x562d2a09db08 <unknown>\n#16 0x562d2a09dc97 <unknown>\n#17 0x562d2a0ae113 <unknown>\n#18 0x7fc95806fb43 <unknown>","time":{"start":1685238334478,"stop":1685238339579,"duration":5101}}]},"tags":[]},"source":"7ddf2be17243bd56.json","parameterValues":[]}