{"uid":"f46795fb33b51f10","name":"test_tc_001_04_03_verify_in_day_list_first_element_day_by_week","fullName":"tests.test_group_ducktales.tests.test_main_page_d.TestMainPage#test_tc_001_04_03_verify_in_day_list_first_element_day_by_week","historyId":"743c536d050ea325c145cbce1ea75d9f","time":{"start":1685495201576,"stop":1685495206718,"duration":5142},"status":"broken","statusMessage":"selenium.common.exceptions.TimeoutException: Message: \nStacktrace:\n#0 0x55c8fa68a133 <unknown>\n#1 0x55c8fa3be966 <unknown>\n#2 0x55c8fa3fb0dc <unknown>\n#3 0x55c8fa3fb211 <unknown>\n#4 0x55c8fa4356c4 <unknown>\n#5 0x55c8fa41abfd <unknown>\n#6 0x55c8fa4331c7 <unknown>\n#7 0x55c8fa41a9a3 <unknown>\n#8 0x55c8fa3ef46a <unknown>\n#9 0x55c8fa3f055e <unknown>\n#10 0x55c8fa649cae <unknown>\n#11 0x55c8fa64d8fe <unknown>\n#12 0x55c8fa656f20 <unknown>\n#13 0x55c8fa64e923 <unknown>\n#14 0x55c8fa621c0e <unknown>\n#15 0x55c8fa671b08 <unknown>\n#16 0x55c8fa671c97 <unknown>\n#17 0x55c8fa682113 <unknown>\n#18 0x7f91a71cfb43 <unknown>","statusTrace":"self = <test_group_ducktales.tests.test_main_page_d.TestMainPage object at 0x7f86de2c4a30>\ndriver = <selenium.webdriver.chrome.webdriver.WebDriver (session=\"f73a15eaae17b8c039c19130f25a5bae\")>\nopen_and_load_main_page = None\n\n    def test_tc_001_04_03_verify_in_day_list_first_element_day_by_week(self, driver, open_and_load_main_page):\n        page = MainPage(driver)\n>       page.check_day()\n\ntests/test_group_ducktales/tests/test_main_page_d.py:9: \n_ _ _ _ _ _ _ _ _ _ _ _ _ _ _ _ _ _ _ _ _ _ _ _ _ _ _ _ _ _ _ _ _ _ _ _ _ _ _ _ \ntests/test_group_ducktales/pages/main_page.py:21: in check_day\n    day_by_weak = self.get_day_by_weak()\ntests/test_group_ducktales/pages/main_page.py:12: in get_day_by_weak\n    element = self.element_is_visible(MainLocator.FIRST_DAY_IN_8_DAY_FORECAST).text[:3]\npages/base_page.py:73: in element_is_visible\n    self.go_to_element(self.element_is_present(locator))\npages/base_page.py:95: in element_is_present\n    return wait(self.driver, timeout).until(EC.presence_of_element_located(locator))\n_ _ _ _ _ _ _ _ _ _ _ _ _ _ _ _ _ _ _ _ _ _ _ _ _ _ _ _ _ _ _ _ _ _ _ _ _ _ _ _ \n\nself = <selenium.webdriver.support.wait.WebDriverWait (session=\"f73a15eaae17b8c039c19130f25a5bae\")>\nmethod = <function presence_of_element_located.<locals>._predicate at 0x7f86de029240>\nmessage = ''\n\n    def until(self, method, message: str = \"\"):\n        \"\"\"Calls the method provided with the driver as an argument until the \\\n        return value does not evaluate to ``False``.\n    \n        :param method: callable(WebDriver)\n        :param message: optional message for :exc:`TimeoutException`\n        :returns: the result of the last call to `method`\n        :raises: :exc:`selenium.common.exceptions.TimeoutException` if timeout occurs\n        \"\"\"\n        screen = None\n        stacktrace = None\n    \n        end_time = time.monotonic() + self._timeout\n        while True:\n            try:\n                value = method(self._driver)\n                if value:\n                    return value\n            except self._ignored_exceptions as exc:\n                screen = getattr(exc, \"screen\", None)\n                stacktrace = getattr(exc, \"stacktrace\", None)\n            time.sleep(self._poll)\n            if time.monotonic() > end_time:\n                break\n>       raise TimeoutException(message, screen, stacktrace)\nE       selenium.common.exceptions.TimeoutException: Message: \nE       Stacktrace:\nE       #0 0x55c8fa68a133 <unknown>\nE       #1 0x55c8fa3be966 <unknown>\nE       #2 0x55c8fa3fb0dc <unknown>\nE       #3 0x55c8fa3fb211 <unknown>\nE       #4 0x55c8fa4356c4 <unknown>\nE       #5 0x55c8fa41abfd <unknown>\nE       #6 0x55c8fa4331c7 <unknown>\nE       #7 0x55c8fa41a9a3 <unknown>\nE       #8 0x55c8fa3ef46a <unknown>\nE       #9 0x55c8fa3f055e <unknown>\nE       #10 0x55c8fa649cae <unknown>\nE       #11 0x55c8fa64d8fe <unknown>\nE       #12 0x55c8fa656f20 <unknown>\nE       #13 0x55c8fa64e923 <unknown>\nE       #14 0x55c8fa621c0e <unknown>\nE       #15 0x55c8fa671b08 <unknown>\nE       #16 0x55c8fa671c97 <unknown>\nE       #17 0x55c8fa682113 <unknown>\nE       #18 0x7f91a71cfb43 <unknown>\n\n/opt/hostedtoolcache/Python/3.10.11/x64/lib/python3.10/site-packages/selenium/webdriver/support/wait.py:95: TimeoutException","flaky":false,"newFailed":false,"newBroken":true,"newPassed":false,"retriesCount":0,"retriesStatusChange":false,"beforeStages":[{"name":"driver","time":{"start":1685495192180,"stop":1685495192978,"duration":798},"status":"passed","steps":[],"attachments":[],"parameters":[],"stepsCount":0,"attachmentsCount":0,"shouldDisplayMessage":false,"hasContent":false},{"name":"open_and_load_main_page","time":{"start":1685495192978,"stop":1685495201576,"duration":8598},"status":"passed","steps":[],"attachments":[],"parameters":[],"stepsCount":0,"attachmentsCount":0,"shouldDisplayMessage":false,"hasContent":false},{"name":"wait","time":{"start":1685495192978,"stop":1685495192978,"duration":0},"status":"passed","steps":[],"attachments":[],"parameters":[],"stepsCount":0,"attachmentsCount":0,"shouldDisplayMessage":false,"hasContent":false}],"testStage":{"status":"broken","statusMessage":"selenium.common.exceptions.TimeoutException: Message: \nStacktrace:\n#0 0x55c8fa68a133 <unknown>\n#1 0x55c8fa3be966 <unknown>\n#2 0x55c8fa3fb0dc <unknown>\n#3 0x55c8fa3fb211 <unknown>\n#4 0x55c8fa4356c4 <unknown>\n#5 0x55c8fa41abfd <unknown>\n#6 0x55c8fa4331c7 <unknown>\n#7 0x55c8fa41a9a3 <unknown>\n#8 0x55c8fa3ef46a <unknown>\n#9 0x55c8fa3f055e <unknown>\n#10 0x55c8fa649cae <unknown>\n#11 0x55c8fa64d8fe <unknown>\n#12 0x55c8fa656f20 <unknown>\n#13 0x55c8fa64e923 <unknown>\n#14 0x55c8fa621c0e <unknown>\n#15 0x55c8fa671b08 <unknown>\n#16 0x55c8fa671c97 <unknown>\n#17 0x55c8fa682113 <unknown>\n#18 0x7f91a71cfb43 <unknown>","statusTrace":"self = <test_group_ducktales.tests.test_main_page_d.TestMainPage object at 0x7f86de2c4a30>\ndriver = <selenium.webdriver.chrome.webdriver.WebDriver (session=\"f73a15eaae17b8c039c19130f25a5bae\")>\nopen_and_load_main_page = None\n\n    def test_tc_001_04_03_verify_in_day_list_first_element_day_by_week(self, driver, open_and_load_main_page):\n        page = MainPage(driver)\n>       page.check_day()\n\ntests/test_group_ducktales/tests/test_main_page_d.py:9: \n_ _ _ _ _ _ _ _ _ _ _ _ _ _ _ _ _ _ _ _ _ _ _ _ _ _ _ _ _ _ _ _ _ _ _ _ _ _ _ _ \ntests/test_group_ducktales/pages/main_page.py:21: in check_day\n    day_by_weak = self.get_day_by_weak()\ntests/test_group_ducktales/pages/main_page.py:12: in get_day_by_weak\n    element = self.element_is_visible(MainLocator.FIRST_DAY_IN_8_DAY_FORECAST).text[:3]\npages/base_page.py:73: in element_is_visible\n    self.go_to_element(self.element_is_present(locator))\npages/base_page.py:95: in element_is_present\n    return wait(self.driver, timeout).until(EC.presence_of_element_located(locator))\n_ _ _ _ _ _ _ _ _ _ _ _ _ _ _ _ _ _ _ _ _ _ _ _ _ _ _ _ _ _ _ _ _ _ _ _ _ _ _ _ \n\nself = <selenium.webdriver.support.wait.WebDriverWait (session=\"f73a15eaae17b8c039c19130f25a5bae\")>\nmethod = <function presence_of_element_located.<locals>._predicate at 0x7f86de029240>\nmessage = ''\n\n    def until(self, method, message: str = \"\"):\n        \"\"\"Calls the method provided with the driver as an argument until the \\\n        return value does not evaluate to ``False``.\n    \n        :param method: callable(WebDriver)\n        :param message: optional message for :exc:`TimeoutException`\n        :returns: the result of the last call to `method`\n        :raises: :exc:`selenium.common.exceptions.TimeoutException` if timeout occurs\n        \"\"\"\n        screen = None\n        stacktrace = None\n    \n        end_time = time.monotonic() + self._timeout\n        while True:\n            try:\n                value = method(self._driver)\n                if value:\n                    return value\n            except self._ignored_exceptions as exc:\n                screen = getattr(exc, \"screen\", None)\n                stacktrace = getattr(exc, \"stacktrace\", None)\n            time.sleep(self._poll)\n            if time.monotonic() > end_time:\n                break\n>       raise TimeoutException(message, screen, stacktrace)\nE       selenium.common.exceptions.TimeoutException: Message: \nE       Stacktrace:\nE       #0 0x55c8fa68a133 <unknown>\nE       #1 0x55c8fa3be966 <unknown>\nE       #2 0x55c8fa3fb0dc <unknown>\nE       #3 0x55c8fa3fb211 <unknown>\nE       #4 0x55c8fa4356c4 <unknown>\nE       #5 0x55c8fa41abfd <unknown>\nE       #6 0x55c8fa4331c7 <unknown>\nE       #7 0x55c8fa41a9a3 <unknown>\nE       #8 0x55c8fa3ef46a <unknown>\nE       #9 0x55c8fa3f055e <unknown>\nE       #10 0x55c8fa649cae <unknown>\nE       #11 0x55c8fa64d8fe <unknown>\nE       #12 0x55c8fa656f20 <unknown>\nE       #13 0x55c8fa64e923 <unknown>\nE       #14 0x55c8fa621c0e <unknown>\nE       #15 0x55c8fa671b08 <unknown>\nE       #16 0x55c8fa671c97 <unknown>\nE       #17 0x55c8fa682113 <unknown>\nE       #18 0x7f91a71cfb43 <unknown>\n\n/opt/hostedtoolcache/Python/3.10.11/x64/lib/python3.10/site-packages/selenium/webdriver/support/wait.py:95: TimeoutException","steps":[],"attachments":[{"uid":"41c7962b41ea0f60","name":"Screenshot","source":"41c7962b41ea0f60.png","type":"image/png","size":524865},{"uid":"ffe1d0f25305fa63","name":"HTML source","source":"ffe1d0f25305fa63.html","type":"text/html","size":178641},{"uid":"41ac9d9cb4555ac9","name":"stdout","source":"41ac9d9cb4555ac9.txt","type":"text/plain","size":35}],"parameters":[],"stepsCount":0,"attachmentsCount":3,"shouldDisplayMessage":true,"hasContent":true},"afterStages":[{"name":"wait::0","time":{"start":1685495207187,"stop":1685495207187,"duration":0},"status":"passed","steps":[],"attachments":[],"parameters":[],"stepsCount":0,"attachmentsCount":0,"shouldDisplayMessage":false,"hasContent":false},{"name":"driver::0","time":{"start":1685495207188,"stop":1685495207250,"duration":62},"status":"passed","steps":[],"attachments":[],"parameters":[],"stepsCount":0,"attachmentsCount":0,"shouldDisplayMessage":false,"hasContent":false}],"labels":[{"name":"parentSuite","value":"tests.test_group_ducktales.tests"},{"name":"suite","value":"test_main_page_d"},{"name":"subSuite","value":"TestMainPage"},{"name":"host","value":"fv-az612-94"},{"name":"thread","value":"2396-MainThread"},{"name":"framework","value":"pytest"},{"name":"language","value":"cpython3"},{"name":"package","value":"tests.test_group_ducktales.tests.test_main_page_d"},{"name":"resultFormat","value":"allure2"}],"parameters":[],"links":[],"hidden":false,"retry":false,"extra":{"severity":"normal","retries":[],"categories":[{"name":"Test defects","matchedStatuses":[],"flaky":false}],"history":{"statistic":{"failed":0,"broken":1,"skipped":0,"passed":1,"unknown":0,"total":2},"items":[{"uid":"e41d13477b92f90e","reportUrl":"https://RedRoverSchool.github.io/OpenWeatherPython_06/2//#testresult/e41d13477b92f90e","status":"passed","time":{"start":1685408309021,"stop":1685408309076,"duration":55}}]},"tags":[]},"source":"f46795fb33b51f10.json","parameterValues":[]}