{"uid":"757d6ea38efd17f2","name":"test_tc_001_01_01_verify_city_name_displayed_by_zip","fullName":"tests.test_group_ducktales.tests.test_main_page_d.TestMainPage#test_tc_001_01_01_verify_city_name_displayed_by_zip","historyId":"7140a4a4ddb5d10efe839c146bce932f","time":{"start":1685582146149,"stop":1685582161793,"duration":15644},"status":"broken","statusMessage":"selenium.common.exceptions.TimeoutException: Message: \nStacktrace:\n#0 0x55f335de2133 <unknown>\n#1 0x55f335b16966 <unknown>\n#2 0x55f335b530dc <unknown>\n#3 0x55f335b53211 <unknown>\n#4 0x55f335b8d6c4 <unknown>\n#5 0x55f335b72bfd <unknown>\n#6 0x55f335b8b1c7 <unknown>\n#7 0x55f335b729a3 <unknown>\n#8 0x55f335b4746a <unknown>\n#9 0x55f335b4855e <unknown>\n#10 0x55f335da1cae <unknown>\n#11 0x55f335da58fe <unknown>\n#12 0x55f335daef20 <unknown>\n#13 0x55f335da6923 <unknown>\n#14 0x55f335d79c0e <unknown>\n#15 0x55f335dc9b08 <unknown>\n#16 0x55f335dc9c97 <unknown>\n#17 0x55f335dda113 <unknown>\n#18 0x7f54059f8b43 <unknown>","statusTrace":"self = <test_group_ducktales.tests.test_main_page_d.TestMainPage object at 0x7f78baca1540>\ndriver = <selenium.webdriver.chrome.webdriver.WebDriver (session=\"c84d9916e87be18b6416e73020d9a66a\")>\nwait = <selenium.webdriver.support.wait.WebDriverWait (session=\"c84d9916e87be18b6416e73020d9a66a\")>\nopen_and_load_main_page = None\n\n    def test_tc_001_01_01_verify_city_name_displayed_by_zip(self, driver, wait, open_and_load_main_page):\n        page = MainPage(driver)\n>       page.check_city_name_displayed_by_zip(wait)\n\ntests/test_group_ducktales/tests/test_main_page_d.py:53: \n_ _ _ _ _ _ _ _ _ _ _ _ _ _ _ _ _ _ _ _ _ _ _ _ _ _ _ _ _ _ _ _ _ _ _ _ _ _ _ _ \ntests/test_group_ducktales/pages/main_page.py:111: in check_city_name_displayed_by_zip\n    self.click_first_element_dropdown_menu(wait)\ntests/test_group_ducktales/pages/main_page.py:99: in click_first_element_dropdown_menu\n    element_dropdown_menu = wait.until(EC.element_to_be_clickable(MainLocator.DROPDOWN_LIST))\n_ _ _ _ _ _ _ _ _ _ _ _ _ _ _ _ _ _ _ _ _ _ _ _ _ _ _ _ _ _ _ _ _ _ _ _ _ _ _ _ \n\nself = <selenium.webdriver.support.wait.WebDriverWait (session=\"c84d9916e87be18b6416e73020d9a66a\")>\nmethod = <function element_to_be_clickable.<locals>._predicate at 0x7f78ba9fedd0>\nmessage = ''\n\n    def until(self, method, message: str = \"\"):\n        \"\"\"Calls the method provided with the driver as an argument until the \\\n        return value does not evaluate to ``False``.\n    \n        :param method: callable(WebDriver)\n        :param message: optional message for :exc:`TimeoutException`\n        :returns: the result of the last call to `method`\n        :raises: :exc:`selenium.common.exceptions.TimeoutException` if timeout occurs\n        \"\"\"\n        screen = None\n        stacktrace = None\n    \n        end_time = time.monotonic() + self._timeout\n        while True:\n            try:\n                value = method(self._driver)\n                if value:\n                    return value\n            except self._ignored_exceptions as exc:\n                screen = getattr(exc, \"screen\", None)\n                stacktrace = getattr(exc, \"stacktrace\", None)\n            time.sleep(self._poll)\n            if time.monotonic() > end_time:\n                break\n>       raise TimeoutException(message, screen, stacktrace)\nE       selenium.common.exceptions.TimeoutException: Message: \nE       Stacktrace:\nE       #0 0x55f335de2133 <unknown>\nE       #1 0x55f335b16966 <unknown>\nE       #2 0x55f335b530dc <unknown>\nE       #3 0x55f335b53211 <unknown>\nE       #4 0x55f335b8d6c4 <unknown>\nE       #5 0x55f335b72bfd <unknown>\nE       #6 0x55f335b8b1c7 <unknown>\nE       #7 0x55f335b729a3 <unknown>\nE       #8 0x55f335b4746a <unknown>\nE       #9 0x55f335b4855e <unknown>\nE       #10 0x55f335da1cae <unknown>\nE       #11 0x55f335da58fe <unknown>\nE       #12 0x55f335daef20 <unknown>\nE       #13 0x55f335da6923 <unknown>\nE       #14 0x55f335d79c0e <unknown>\nE       #15 0x55f335dc9b08 <unknown>\nE       #16 0x55f335dc9c97 <unknown>\nE       #17 0x55f335dda113 <unknown>\nE       #18 0x7f54059f8b43 <unknown>\n\n/opt/hostedtoolcache/Python/3.10.11/x64/lib/python3.10/site-packages/selenium/webdriver/support/wait.py:95: TimeoutException","flaky":false,"newFailed":false,"newBroken":false,"newPassed":false,"retriesCount":0,"retriesStatusChange":false,"beforeStages":[{"name":"driver","time":{"start":1685582137780,"stop":1685582138534,"duration":754},"status":"passed","steps":[],"attachments":[],"parameters":[],"stepsCount":0,"attachmentsCount":0,"shouldDisplayMessage":false,"hasContent":false},{"name":"wait","time":{"start":1685582138534,"stop":1685582138535,"duration":1},"status":"passed","steps":[],"attachments":[],"parameters":[],"stepsCount":0,"attachmentsCount":0,"shouldDisplayMessage":false,"hasContent":false},{"name":"open_and_load_main_page","time":{"start":1685582138535,"stop":1685582146148,"duration":7613},"status":"passed","steps":[],"attachments":[],"parameters":[],"stepsCount":0,"attachmentsCount":0,"shouldDisplayMessage":false,"hasContent":false}],"testStage":{"status":"broken","statusMessage":"selenium.common.exceptions.TimeoutException: Message: \nStacktrace:\n#0 0x55f335de2133 <unknown>\n#1 0x55f335b16966 <unknown>\n#2 0x55f335b530dc <unknown>\n#3 0x55f335b53211 <unknown>\n#4 0x55f335b8d6c4 <unknown>\n#5 0x55f335b72bfd <unknown>\n#6 0x55f335b8b1c7 <unknown>\n#7 0x55f335b729a3 <unknown>\n#8 0x55f335b4746a <unknown>\n#9 0x55f335b4855e <unknown>\n#10 0x55f335da1cae <unknown>\n#11 0x55f335da58fe <unknown>\n#12 0x55f335daef20 <unknown>\n#13 0x55f335da6923 <unknown>\n#14 0x55f335d79c0e <unknown>\n#15 0x55f335dc9b08 <unknown>\n#16 0x55f335dc9c97 <unknown>\n#17 0x55f335dda113 <unknown>\n#18 0x7f54059f8b43 <unknown>","statusTrace":"self = <test_group_ducktales.tests.test_main_page_d.TestMainPage object at 0x7f78baca1540>\ndriver = <selenium.webdriver.chrome.webdriver.WebDriver (session=\"c84d9916e87be18b6416e73020d9a66a\")>\nwait = <selenium.webdriver.support.wait.WebDriverWait (session=\"c84d9916e87be18b6416e73020d9a66a\")>\nopen_and_load_main_page = None\n\n    def test_tc_001_01_01_verify_city_name_displayed_by_zip(self, driver, wait, open_and_load_main_page):\n        page = MainPage(driver)\n>       page.check_city_name_displayed_by_zip(wait)\n\ntests/test_group_ducktales/tests/test_main_page_d.py:53: \n_ _ _ _ _ _ _ _ _ _ _ _ _ _ _ _ _ _ _ _ _ _ _ _ _ _ _ _ _ _ _ _ _ _ _ _ _ _ _ _ \ntests/test_group_ducktales/pages/main_page.py:111: in check_city_name_displayed_by_zip\n    self.click_first_element_dropdown_menu(wait)\ntests/test_group_ducktales/pages/main_page.py:99: in click_first_element_dropdown_menu\n    element_dropdown_menu = wait.until(EC.element_to_be_clickable(MainLocator.DROPDOWN_LIST))\n_ _ _ _ _ _ _ _ _ _ _ _ _ _ _ _ _ _ _ _ _ _ _ _ _ _ _ _ _ _ _ _ _ _ _ _ _ _ _ _ \n\nself = <selenium.webdriver.support.wait.WebDriverWait (session=\"c84d9916e87be18b6416e73020d9a66a\")>\nmethod = <function element_to_be_clickable.<locals>._predicate at 0x7f78ba9fedd0>\nmessage = ''\n\n    def until(self, method, message: str = \"\"):\n        \"\"\"Calls the method provided with the driver as an argument until the \\\n        return value does not evaluate to ``False``.\n    \n        :param method: callable(WebDriver)\n        :param message: optional message for :exc:`TimeoutException`\n        :returns: the result of the last call to `method`\n        :raises: :exc:`selenium.common.exceptions.TimeoutException` if timeout occurs\n        \"\"\"\n        screen = None\n        stacktrace = None\n    \n        end_time = time.monotonic() + self._timeout\n        while True:\n            try:\n                value = method(self._driver)\n                if value:\n                    return value\n            except self._ignored_exceptions as exc:\n                screen = getattr(exc, \"screen\", None)\n                stacktrace = getattr(exc, \"stacktrace\", None)\n            time.sleep(self._poll)\n            if time.monotonic() > end_time:\n                break\n>       raise TimeoutException(message, screen, stacktrace)\nE       selenium.common.exceptions.TimeoutException: Message: \nE       Stacktrace:\nE       #0 0x55f335de2133 <unknown>\nE       #1 0x55f335b16966 <unknown>\nE       #2 0x55f335b530dc <unknown>\nE       #3 0x55f335b53211 <unknown>\nE       #4 0x55f335b8d6c4 <unknown>\nE       #5 0x55f335b72bfd <unknown>\nE       #6 0x55f335b8b1c7 <unknown>\nE       #7 0x55f335b729a3 <unknown>\nE       #8 0x55f335b4746a <unknown>\nE       #9 0x55f335b4855e <unknown>\nE       #10 0x55f335da1cae <unknown>\nE       #11 0x55f335da58fe <unknown>\nE       #12 0x55f335daef20 <unknown>\nE       #13 0x55f335da6923 <unknown>\nE       #14 0x55f335d79c0e <unknown>\nE       #15 0x55f335dc9b08 <unknown>\nE       #16 0x55f335dc9c97 <unknown>\nE       #17 0x55f335dda113 <unknown>\nE       #18 0x7f54059f8b43 <unknown>\n\n/opt/hostedtoolcache/Python/3.10.11/x64/lib/python3.10/site-packages/selenium/webdriver/support/wait.py:95: TimeoutException","steps":[],"attachments":[{"uid":"b32eff6ce0226944","name":"Screenshot","source":"b32eff6ce0226944.png","type":"image/png","size":524512},{"uid":"249f2fbdcfe55c16","name":"HTML source","source":"249f2fbdcfe55c16.html","type":"text/html","size":178611},{"uid":"d6227b34483fe4cd","name":"stdout","source":"d6227b34483fe4cd.txt","type":"text/plain","size":35}],"parameters":[],"stepsCount":0,"attachmentsCount":3,"shouldDisplayMessage":true,"hasContent":true},"afterStages":[{"name":"wait::0","time":{"start":1685582162185,"stop":1685582162185,"duration":0},"status":"passed","steps":[],"attachments":[],"parameters":[],"stepsCount":0,"attachmentsCount":0,"shouldDisplayMessage":false,"hasContent":false},{"name":"driver::0","time":{"start":1685582162185,"stop":1685582162244,"duration":59},"status":"passed","steps":[],"attachments":[],"parameters":[],"stepsCount":0,"attachmentsCount":0,"shouldDisplayMessage":false,"hasContent":false}],"labels":[{"name":"parentSuite","value":"tests.test_group_ducktales.tests"},{"name":"suite","value":"test_main_page_d"},{"name":"subSuite","value":"TestMainPage"},{"name":"host","value":"fv-az799-388"},{"name":"thread","value":"2360-MainThread"},{"name":"framework","value":"pytest"},{"name":"language","value":"cpython3"},{"name":"package","value":"tests.test_group_ducktales.tests.test_main_page_d"},{"name":"resultFormat","value":"allure2"}],"parameters":[],"links":[],"hidden":false,"retry":false,"extra":{"severity":"normal","retries":[],"categories":[{"name":"Test defects","matchedStatuses":[],"flaky":false}],"history":{"statistic":{"failed":0,"broken":2,"skipped":0,"passed":1,"unknown":0,"total":3},"items":[{"uid":"a06c2abde350a591","reportUrl":"https://RedRoverSchool.github.io/OpenWeatherPython_06/3//#testresult/a06c2abde350a591","status":"broken","statusDetails":"selenium.common.exceptions.TimeoutException: Message: \nStacktrace:\n#0 0x5620beaea133 <unknown>\n#1 0x5620be81e966 <unknown>\n#2 0x5620be85b0dc <unknown>\n#3 0x5620be85b211 <unknown>\n#4 0x5620be8956c4 <unknown>\n#5 0x5620be87abfd <unknown>\n#6 0x5620be8931c7 <unknown>\n#7 0x5620be87a9a3 <unknown>\n#8 0x5620be84f46a <unknown>\n#9 0x5620be85055e <unknown>\n#10 0x5620beaa9cae <unknown>\n#11 0x5620beaad8fe <unknown>\n#12 0x5620beab6f20 <unknown>\n#13 0x5620beaae923 <unknown>\n#14 0x5620bea81c0e <unknown>\n#15 0x5620bead1b08 <unknown>\n#16 0x5620bead1c97 <unknown>\n#17 0x5620beae2113 <unknown>\n#18 0x7f177821ab43 <unknown>","time":{"start":1685495258852,"stop":1685495274686,"duration":15834}},{"uid":"31eb156073158e67","reportUrl":"https://RedRoverSchool.github.io/OpenWeatherPython_06/2//#testresult/31eb156073158e67","status":"passed","time":{"start":1685408347828,"stop":1685408349330,"duration":1502}}]},"tags":[]},"source":"757d6ea38efd17f2.json","parameterValues":[]}