{"uid":"faaca282271d808b","name":"test_TC_001_05_03_Verify_humidity_percentage_in_detailed_weather_data_for_current_location","fullName":"tests.test_group_100000.tests.test_dashboard_100#test_TC_001_05_03_Verify_humidity_percentage_in_detailed_weather_data_for_current_location","historyId":"2fecd209896cdb0368c932ba38acfe09","time":{"start":1686273626609,"stop":1686273626625,"duration":16},"status":"broken","statusMessage":"selenium.common.exceptions.NoSuchElementException: Message: no such element: Unable to locate element: {\"method\":\"css selector\",\"selector\":\"ul  > li:nth-child(3) > span.symbol\"}\n  (Session info: headless chrome=113.0.5672.126)\nStacktrace:\n#0 0x563d9b29e133 <unknown>\n#1 0x563d9afd2966 <unknown>\n#2 0x563d9b00f0dc <unknown>\n#3 0x563d9b00f211 <unknown>\n#4 0x563d9b0496c4 <unknown>\n#5 0x563d9b02ebfd <unknown>\n#6 0x563d9b0471c7 <unknown>\n#7 0x563d9b02e9a3 <unknown>\n#8 0x563d9b00346a <unknown>\n#9 0x563d9b00455e <unknown>\n#10 0x563d9b25dcae <unknown>\n#11 0x563d9b2618fe <unknown>\n#12 0x563d9b26af20 <unknown>\n#13 0x563d9b262923 <unknown>\n#14 0x563d9b235c0e <unknown>\n#15 0x563d9b285b08 <unknown>\n#16 0x563d9b285c97 <unknown>\n#17 0x563d9b296113 <unknown>\n#18 0x7f2c05002b43 <unknown>","statusTrace":"driver = <selenium.webdriver.chrome.webdriver.WebDriver (session=\"cb3bff5cb9be5c54f06000d7ce70a8a8\")>\nopen_and_load_main_page = None\n\n    def test_TC_001_05_03_Verify_humidity_percentage_in_detailed_weather_data_for_current_location(driver,\n                                                                                                   open_and_load_main_page):\n        page = DashboardPage(driver)\n>       page.verify_humidity_percentage_in_detailed_weather_data_for_current_location()\n\ntests/test_group_100000/tests/test_dashboard_100.py:7: \n_ _ _ _ _ _ _ _ _ _ _ _ _ _ _ _ _ _ _ _ _ _ _ _ _ _ _ _ _ _ _ _ _ _ _ _ _ _ _ _ \ntests/test_group_100000/pages/dashboard_page.py:20: in verify_humidity_percentage_in_detailed_weather_data_for_current_location\n    humidity_symbol = self.driver.find_element(*D.WEATHER_SYMBOL)\n/opt/hostedtoolcache/Python/3.10.11/x64/lib/python3.10/site-packages/selenium/webdriver/remote/webdriver.py:831: in find_element\n    return self.execute(Command.FIND_ELEMENT, {\"using\": by, \"value\": value})[\"value\"]\n/opt/hostedtoolcache/Python/3.10.11/x64/lib/python3.10/site-packages/selenium/webdriver/remote/webdriver.py:440: in execute\n    self.error_handler.check_response(response)\n_ _ _ _ _ _ _ _ _ _ _ _ _ _ _ _ _ _ _ _ _ _ _ _ _ _ _ _ _ _ _ _ _ _ _ _ _ _ _ _ \n\nself = <selenium.webdriver.remote.errorhandler.ErrorHandler object at 0x7f1e1644c130>\nresponse = {'status': 404, 'value': '{\"value\":{\"error\":\"no such element\",\"message\":\"no such element: Unable to locate element: {\\...\\\\n#16 0x563d9b285c97 \\\\u003Cunknown>\\\\n#17 0x563d9b296113 \\\\u003Cunknown>\\\\n#18 0x7f2c05002b43 \\\\u003Cunknown>\\\\n\"}}'}\n\n    def check_response(self, response: Dict[str, Any]) -> None:\n        \"\"\"Checks that a JSON response from the WebDriver does not have an\n        error.\n    \n        :Args:\n         - response - The JSON response from the WebDriver server as a dictionary\n           object.\n    \n        :Raises: If the response contains an error message.\n        \"\"\"\n        status = response.get(\"status\", None)\n        if not status or status == ErrorCode.SUCCESS:\n            return\n        value = None\n        message = response.get(\"message\", \"\")\n        screen: str = response.get(\"screen\", \"\")\n        stacktrace = None\n        if isinstance(status, int):\n            value_json = response.get(\"value\", None)\n            if value_json and isinstance(value_json, str):\n                import json\n    \n                try:\n                    value = json.loads(value_json)\n                    if len(value) == 1:\n                        value = value[\"value\"]\n                    status = value.get(\"error\", None)\n                    if not status:\n                        status = value.get(\"status\", ErrorCode.UNKNOWN_ERROR)\n                        message = value.get(\"value\") or value.get(\"message\")\n                        if not isinstance(message, str):\n                            value = message\n                            message = message.get(\"message\")\n                    else:\n                        message = value.get(\"message\", None)\n                except ValueError:\n                    pass\n    \n        exception_class: Type[WebDriverException]\n        if status in ErrorCode.NO_SUCH_ELEMENT:\n            exception_class = NoSuchElementException\n        elif status in ErrorCode.NO_SUCH_FRAME:\n            exception_class = NoSuchFrameException\n        elif status in ErrorCode.NO_SUCH_SHADOW_ROOT:\n            exception_class = NoSuchShadowRootException\n        elif status in ErrorCode.NO_SUCH_WINDOW:\n            exception_class = NoSuchWindowException\n        elif status in ErrorCode.STALE_ELEMENT_REFERENCE:\n            exception_class = StaleElementReferenceException\n        elif status in ErrorCode.ELEMENT_NOT_VISIBLE:\n            exception_class = ElementNotVisibleException\n        elif status in ErrorCode.INVALID_ELEMENT_STATE:\n            exception_class = InvalidElementStateException\n        elif (\n            status in ErrorCode.INVALID_SELECTOR\n            or status in ErrorCode.INVALID_XPATH_SELECTOR\n            or status in ErrorCode.INVALID_XPATH_SELECTOR_RETURN_TYPER\n        ):\n            exception_class = InvalidSelectorException\n        elif status in ErrorCode.ELEMENT_IS_NOT_SELECTABLE:\n            exception_class = ElementNotSelectableException\n        elif status in ErrorCode.ELEMENT_NOT_INTERACTABLE:\n            exception_class = ElementNotInteractableException\n        elif status in ErrorCode.INVALID_COOKIE_DOMAIN:\n            exception_class = InvalidCookieDomainException\n        elif status in ErrorCode.UNABLE_TO_SET_COOKIE:\n            exception_class = UnableToSetCookieException\n        elif status in ErrorCode.TIMEOUT:\n            exception_class = TimeoutException\n        elif status in ErrorCode.SCRIPT_TIMEOUT:\n            exception_class = TimeoutException\n        elif status in ErrorCode.UNKNOWN_ERROR:\n            exception_class = WebDriverException\n        elif status in ErrorCode.UNEXPECTED_ALERT_OPEN:\n            exception_class = UnexpectedAlertPresentException\n        elif status in ErrorCode.NO_ALERT_OPEN:\n            exception_class = NoAlertPresentException\n        elif status in ErrorCode.IME_NOT_AVAILABLE:\n            exception_class = ImeNotAvailableException\n        elif status in ErrorCode.IME_ENGINE_ACTIVATION_FAILED:\n            exception_class = ImeActivationFailedException\n        elif status in ErrorCode.MOVE_TARGET_OUT_OF_BOUNDS:\n            exception_class = MoveTargetOutOfBoundsException\n        elif status in ErrorCode.JAVASCRIPT_ERROR:\n            exception_class = JavascriptException\n        elif status in ErrorCode.SESSION_NOT_CREATED:\n            exception_class = SessionNotCreatedException\n        elif status in ErrorCode.INVALID_ARGUMENT:\n            exception_class = InvalidArgumentException\n        elif status in ErrorCode.NO_SUCH_COOKIE:\n            exception_class = NoSuchCookieException\n        elif status in ErrorCode.UNABLE_TO_CAPTURE_SCREEN:\n            exception_class = ScreenshotException\n        elif status in ErrorCode.ELEMENT_CLICK_INTERCEPTED:\n            exception_class = ElementClickInterceptedException\n        elif status in ErrorCode.INSECURE_CERTIFICATE:\n            exception_class = InsecureCertificateException\n        elif status in ErrorCode.INVALID_COORDINATES:\n            exception_class = InvalidCoordinatesException\n        elif status in ErrorCode.INVALID_SESSION_ID:\n            exception_class = InvalidSessionIdException\n        elif status in ErrorCode.UNKNOWN_METHOD:\n            exception_class = UnknownMethodException\n        else:\n            exception_class = WebDriverException\n        if not value:\n            value = response[\"value\"]\n        if isinstance(value, str):\n            raise exception_class(value)\n        if message == \"\" and \"message\" in value:\n            message = value[\"message\"]\n    \n        screen = None  # type: ignore[assignment]\n        if \"screen\" in value:\n            screen = value[\"screen\"]\n    \n        stacktrace = None\n        st_value = value.get(\"stackTrace\") or value.get(\"stacktrace\")\n        if st_value:\n            if isinstance(st_value, str):\n                stacktrace = st_value.split(\"\\n\")\n            else:\n                stacktrace = []\n                try:\n                    for frame in st_value:\n                        line = frame.get(\"lineNumber\", \"\")\n                        file = frame.get(\"fileName\", \"<anonymous>\")\n                        if line:\n                            file = f\"{file}:{line}\"\n                        meth = frame.get(\"methodName\", \"<anonymous>\")\n                        if \"className\" in frame:\n                            meth = f\"{frame['className']}.{meth}\"\n                        msg = \"    at %s (%s)\"\n                        msg = msg % (meth, file)\n                        stacktrace.append(msg)\n                except TypeError:\n                    pass\n        if exception_class == UnexpectedAlertPresentException:\n            alert_text = None\n            if \"data\" in value:\n                alert_text = value[\"data\"].get(\"text\")\n            elif \"alert\" in value:\n                alert_text = value[\"alert\"].get(\"text\")\n            raise exception_class(message, screen, stacktrace, alert_text)  # type: ignore[call-arg]  # mypy is not smart enough here\n>       raise exception_class(message, screen, stacktrace)\nE       selenium.common.exceptions.NoSuchElementException: Message: no such element: Unable to locate element: {\"method\":\"css selector\",\"selector\":\"ul  > li:nth-child(3) > span.symbol\"}\nE         (Session info: headless chrome=113.0.5672.126)\nE       Stacktrace:\nE       #0 0x563d9b29e133 <unknown>\nE       #1 0x563d9afd2966 <unknown>\nE       #2 0x563d9b00f0dc <unknown>\nE       #3 0x563d9b00f211 <unknown>\nE       #4 0x563d9b0496c4 <unknown>\nE       #5 0x563d9b02ebfd <unknown>\nE       #6 0x563d9b0471c7 <unknown>\nE       #7 0x563d9b02e9a3 <unknown>\nE       #8 0x563d9b00346a <unknown>\nE       #9 0x563d9b00455e <unknown>\nE       #10 0x563d9b25dcae <unknown>\nE       #11 0x563d9b2618fe <unknown>\nE       #12 0x563d9b26af20 <unknown>\nE       #13 0x563d9b262923 <unknown>\nE       #14 0x563d9b235c0e <unknown>\nE       #15 0x563d9b285b08 <unknown>\nE       #16 0x563d9b285c97 <unknown>\nE       #17 0x563d9b296113 <unknown>\nE       #18 0x7f2c05002b43 <unknown>\n\n/opt/hostedtoolcache/Python/3.10.11/x64/lib/python3.10/site-packages/selenium/webdriver/remote/errorhandler.py:245: NoSuchElementException","flaky":false,"newFailed":false,"newBroken":true,"newPassed":false,"retriesCount":0,"retriesStatusChange":false,"beforeStages":[{"name":"driver","time":{"start":1686273617991,"stop":1686273618816,"duration":825},"status":"passed","steps":[],"attachments":[],"parameters":[],"stepsCount":0,"attachmentsCount":0,"shouldDisplayMessage":false,"hasContent":false},{"name":"wait","time":{"start":1686273618816,"stop":1686273618816,"duration":0},"status":"passed","steps":[],"attachments":[],"parameters":[],"stepsCount":0,"attachmentsCount":0,"shouldDisplayMessage":false,"hasContent":false},{"name":"open_and_load_main_page","time":{"start":1686273618816,"stop":1686273626609,"duration":7793},"status":"passed","steps":[],"attachments":[],"parameters":[],"stepsCount":0,"attachmentsCount":0,"shouldDisplayMessage":false,"hasContent":false}],"testStage":{"status":"broken","statusMessage":"selenium.common.exceptions.NoSuchElementException: Message: no such element: Unable to locate element: {\"method\":\"css selector\",\"selector\":\"ul  > li:nth-child(3) > span.symbol\"}\n  (Session info: headless chrome=113.0.5672.126)\nStacktrace:\n#0 0x563d9b29e133 <unknown>\n#1 0x563d9afd2966 <unknown>\n#2 0x563d9b00f0dc <unknown>\n#3 0x563d9b00f211 <unknown>\n#4 0x563d9b0496c4 <unknown>\n#5 0x563d9b02ebfd <unknown>\n#6 0x563d9b0471c7 <unknown>\n#7 0x563d9b02e9a3 <unknown>\n#8 0x563d9b00346a <unknown>\n#9 0x563d9b00455e <unknown>\n#10 0x563d9b25dcae <unknown>\n#11 0x563d9b2618fe <unknown>\n#12 0x563d9b26af20 <unknown>\n#13 0x563d9b262923 <unknown>\n#14 0x563d9b235c0e <unknown>\n#15 0x563d9b285b08 <unknown>\n#16 0x563d9b285c97 <unknown>\n#17 0x563d9b296113 <unknown>\n#18 0x7f2c05002b43 <unknown>","statusTrace":"driver = <selenium.webdriver.chrome.webdriver.WebDriver (session=\"cb3bff5cb9be5c54f06000d7ce70a8a8\")>\nopen_and_load_main_page = None\n\n    def test_TC_001_05_03_Verify_humidity_percentage_in_detailed_weather_data_for_current_location(driver,\n                                                                                                   open_and_load_main_page):\n        page = DashboardPage(driver)\n>       page.verify_humidity_percentage_in_detailed_weather_data_for_current_location()\n\ntests/test_group_100000/tests/test_dashboard_100.py:7: \n_ _ _ _ _ _ _ _ _ _ _ _ _ _ _ _ _ _ _ _ _ _ _ _ _ _ _ _ _ _ _ _ _ _ _ _ _ _ _ _ \ntests/test_group_100000/pages/dashboard_page.py:20: in verify_humidity_percentage_in_detailed_weather_data_for_current_location\n    humidity_symbol = self.driver.find_element(*D.WEATHER_SYMBOL)\n/opt/hostedtoolcache/Python/3.10.11/x64/lib/python3.10/site-packages/selenium/webdriver/remote/webdriver.py:831: in find_element\n    return self.execute(Command.FIND_ELEMENT, {\"using\": by, \"value\": value})[\"value\"]\n/opt/hostedtoolcache/Python/3.10.11/x64/lib/python3.10/site-packages/selenium/webdriver/remote/webdriver.py:440: in execute\n    self.error_handler.check_response(response)\n_ _ _ _ _ _ _ _ _ _ _ _ _ _ _ _ _ _ _ _ _ _ _ _ _ _ _ _ _ _ _ _ _ _ _ _ _ _ _ _ \n\nself = <selenium.webdriver.remote.errorhandler.ErrorHandler object at 0x7f1e1644c130>\nresponse = {'status': 404, 'value': '{\"value\":{\"error\":\"no such element\",\"message\":\"no such element: Unable to locate element: {\\...\\\\n#16 0x563d9b285c97 \\\\u003Cunknown>\\\\n#17 0x563d9b296113 \\\\u003Cunknown>\\\\n#18 0x7f2c05002b43 \\\\u003Cunknown>\\\\n\"}}'}\n\n    def check_response(self, response: Dict[str, Any]) -> None:\n        \"\"\"Checks that a JSON response from the WebDriver does not have an\n        error.\n    \n        :Args:\n         - response - The JSON response from the WebDriver server as a dictionary\n           object.\n    \n        :Raises: If the response contains an error message.\n        \"\"\"\n        status = response.get(\"status\", None)\n        if not status or status == ErrorCode.SUCCESS:\n            return\n        value = None\n        message = response.get(\"message\", \"\")\n        screen: str = response.get(\"screen\", \"\")\n        stacktrace = None\n        if isinstance(status, int):\n            value_json = response.get(\"value\", None)\n            if value_json and isinstance(value_json, str):\n                import json\n    \n                try:\n                    value = json.loads(value_json)\n                    if len(value) == 1:\n                        value = value[\"value\"]\n                    status = value.get(\"error\", None)\n                    if not status:\n                        status = value.get(\"status\", ErrorCode.UNKNOWN_ERROR)\n                        message = value.get(\"value\") or value.get(\"message\")\n                        if not isinstance(message, str):\n                            value = message\n                            message = message.get(\"message\")\n                    else:\n                        message = value.get(\"message\", None)\n                except ValueError:\n                    pass\n    \n        exception_class: Type[WebDriverException]\n        if status in ErrorCode.NO_SUCH_ELEMENT:\n            exception_class = NoSuchElementException\n        elif status in ErrorCode.NO_SUCH_FRAME:\n            exception_class = NoSuchFrameException\n        elif status in ErrorCode.NO_SUCH_SHADOW_ROOT:\n            exception_class = NoSuchShadowRootException\n        elif status in ErrorCode.NO_SUCH_WINDOW:\n            exception_class = NoSuchWindowException\n        elif status in ErrorCode.STALE_ELEMENT_REFERENCE:\n            exception_class = StaleElementReferenceException\n        elif status in ErrorCode.ELEMENT_NOT_VISIBLE:\n            exception_class = ElementNotVisibleException\n        elif status in ErrorCode.INVALID_ELEMENT_STATE:\n            exception_class = InvalidElementStateException\n        elif (\n            status in ErrorCode.INVALID_SELECTOR\n            or status in ErrorCode.INVALID_XPATH_SELECTOR\n            or status in ErrorCode.INVALID_XPATH_SELECTOR_RETURN_TYPER\n        ):\n            exception_class = InvalidSelectorException\n        elif status in ErrorCode.ELEMENT_IS_NOT_SELECTABLE:\n            exception_class = ElementNotSelectableException\n        elif status in ErrorCode.ELEMENT_NOT_INTERACTABLE:\n            exception_class = ElementNotInteractableException\n        elif status in ErrorCode.INVALID_COOKIE_DOMAIN:\n            exception_class = InvalidCookieDomainException\n        elif status in ErrorCode.UNABLE_TO_SET_COOKIE:\n            exception_class = UnableToSetCookieException\n        elif status in ErrorCode.TIMEOUT:\n            exception_class = TimeoutException\n        elif status in ErrorCode.SCRIPT_TIMEOUT:\n            exception_class = TimeoutException\n        elif status in ErrorCode.UNKNOWN_ERROR:\n            exception_class = WebDriverException\n        elif status in ErrorCode.UNEXPECTED_ALERT_OPEN:\n            exception_class = UnexpectedAlertPresentException\n        elif status in ErrorCode.NO_ALERT_OPEN:\n            exception_class = NoAlertPresentException\n        elif status in ErrorCode.IME_NOT_AVAILABLE:\n            exception_class = ImeNotAvailableException\n        elif status in ErrorCode.IME_ENGINE_ACTIVATION_FAILED:\n            exception_class = ImeActivationFailedException\n        elif status in ErrorCode.MOVE_TARGET_OUT_OF_BOUNDS:\n            exception_class = MoveTargetOutOfBoundsException\n        elif status in ErrorCode.JAVASCRIPT_ERROR:\n            exception_class = JavascriptException\n        elif status in ErrorCode.SESSION_NOT_CREATED:\n            exception_class = SessionNotCreatedException\n        elif status in ErrorCode.INVALID_ARGUMENT:\n            exception_class = InvalidArgumentException\n        elif status in ErrorCode.NO_SUCH_COOKIE:\n            exception_class = NoSuchCookieException\n        elif status in ErrorCode.UNABLE_TO_CAPTURE_SCREEN:\n            exception_class = ScreenshotException\n        elif status in ErrorCode.ELEMENT_CLICK_INTERCEPTED:\n            exception_class = ElementClickInterceptedException\n        elif status in ErrorCode.INSECURE_CERTIFICATE:\n            exception_class = InsecureCertificateException\n        elif status in ErrorCode.INVALID_COORDINATES:\n            exception_class = InvalidCoordinatesException\n        elif status in ErrorCode.INVALID_SESSION_ID:\n            exception_class = InvalidSessionIdException\n        elif status in ErrorCode.UNKNOWN_METHOD:\n            exception_class = UnknownMethodException\n        else:\n            exception_class = WebDriverException\n        if not value:\n            value = response[\"value\"]\n        if isinstance(value, str):\n            raise exception_class(value)\n        if message == \"\" and \"message\" in value:\n            message = value[\"message\"]\n    \n        screen = None  # type: ignore[assignment]\n        if \"screen\" in value:\n            screen = value[\"screen\"]\n    \n        stacktrace = None\n        st_value = value.get(\"stackTrace\") or value.get(\"stacktrace\")\n        if st_value:\n            if isinstance(st_value, str):\n                stacktrace = st_value.split(\"\\n\")\n            else:\n                stacktrace = []\n                try:\n                    for frame in st_value:\n                        line = frame.get(\"lineNumber\", \"\")\n                        file = frame.get(\"fileName\", \"<anonymous>\")\n                        if line:\n                            file = f\"{file}:{line}\"\n                        meth = frame.get(\"methodName\", \"<anonymous>\")\n                        if \"className\" in frame:\n                            meth = f\"{frame['className']}.{meth}\"\n                        msg = \"    at %s (%s)\"\n                        msg = msg % (meth, file)\n                        stacktrace.append(msg)\n                except TypeError:\n                    pass\n        if exception_class == UnexpectedAlertPresentException:\n            alert_text = None\n            if \"data\" in value:\n                alert_text = value[\"data\"].get(\"text\")\n            elif \"alert\" in value:\n                alert_text = value[\"alert\"].get(\"text\")\n            raise exception_class(message, screen, stacktrace, alert_text)  # type: ignore[call-arg]  # mypy is not smart enough here\n>       raise exception_class(message, screen, stacktrace)\nE       selenium.common.exceptions.NoSuchElementException: Message: no such element: Unable to locate element: {\"method\":\"css selector\",\"selector\":\"ul  > li:nth-child(3) > span.symbol\"}\nE         (Session info: headless chrome=113.0.5672.126)\nE       Stacktrace:\nE       #0 0x563d9b29e133 <unknown>\nE       #1 0x563d9afd2966 <unknown>\nE       #2 0x563d9b00f0dc <unknown>\nE       #3 0x563d9b00f211 <unknown>\nE       #4 0x563d9b0496c4 <unknown>\nE       #5 0x563d9b02ebfd <unknown>\nE       #6 0x563d9b0471c7 <unknown>\nE       #7 0x563d9b02e9a3 <unknown>\nE       #8 0x563d9b00346a <unknown>\nE       #9 0x563d9b00455e <unknown>\nE       #10 0x563d9b25dcae <unknown>\nE       #11 0x563d9b2618fe <unknown>\nE       #12 0x563d9b26af20 <unknown>\nE       #13 0x563d9b262923 <unknown>\nE       #14 0x563d9b235c0e <unknown>\nE       #15 0x563d9b285b08 <unknown>\nE       #16 0x563d9b285c97 <unknown>\nE       #17 0x563d9b296113 <unknown>\nE       #18 0x7f2c05002b43 <unknown>\n\n/opt/hostedtoolcache/Python/3.10.11/x64/lib/python3.10/site-packages/selenium/webdriver/remote/errorhandler.py:245: NoSuchElementException","steps":[],"attachments":[{"uid":"cab384ecf4aa9dc3","name":"Screenshot","source":"cab384ecf4aa9dc3.png","type":"image/png","size":408569},{"uid":"7dc6a95ace630f07","name":"HTML source","source":"7dc6a95ace630f07.html","type":"text/html","size":178762},{"uid":"83eff5a529d4ad7e","name":"stdout","source":"83eff5a529d4ad7e.txt","type":"text/plain","size":35}],"parameters":[],"stepsCount":0,"attachmentsCount":3,"shouldDisplayMessage":true,"hasContent":true},"afterStages":[{"name":"wait::0","time":{"start":1686273627085,"stop":1686273627085,"duration":0},"status":"passed","steps":[],"attachments":[],"parameters":[],"stepsCount":0,"attachmentsCount":0,"shouldDisplayMessage":false,"hasContent":false},{"name":"driver::0","time":{"start":1686273627086,"stop":1686273627149,"duration":63},"status":"passed","steps":[],"attachments":[],"parameters":[],"stepsCount":0,"attachmentsCount":0,"shouldDisplayMessage":false,"hasContent":false}],"labels":[{"name":"parentSuite","value":"tests.test_group_100000.tests"},{"name":"suite","value":"test_dashboard_100"},{"name":"host","value":"fv-az168-440"},{"name":"thread","value":"2508-MainThread"},{"name":"framework","value":"pytest"},{"name":"language","value":"cpython3"},{"name":"package","value":"tests.test_group_100000.tests.test_dashboard_100"},{"name":"resultFormat","value":"allure2"}],"parameters":[],"links":[],"hidden":false,"retry":false,"extra":{"severity":"normal","retries":[],"categories":[{"name":"Test defects","matchedStatuses":[],"flaky":false}],"history":{"statistic":{"failed":0,"broken":3,"skipped":0,"passed":7,"unknown":0,"total":10},"items":[{"uid":"4d76b383ddda123c","reportUrl":"https://RedRoverSchool.github.io/OpenWeatherPython_06/11//#testresult/4d76b383ddda123c","status":"passed","time":{"start":1686186697558,"stop":1686186697581,"duration":23}},{"uid":"36f6da57d8b4bd91","reportUrl":"https://RedRoverSchool.github.io/OpenWeatherPython_06/10//#testresult/36f6da57d8b4bd91","status":"passed","time":{"start":1686100164144,"stop":1686100164167,"duration":23}},{"uid":"44863e9d53305dd9","reportUrl":"https://RedRoverSchool.github.io/OpenWeatherPython_06/8//#testresult/44863e9d53305dd9","status":"passed","time":{"start":1685926977001,"stop":1685926977026,"duration":25}},{"uid":"413d68540cbad66b","reportUrl":"https://RedRoverSchool.github.io/OpenWeatherPython_06/7//#testresult/413d68540cbad66b","status":"passed","time":{"start":1685840762285,"stop":1685840762308,"duration":23}},{"uid":"e4d9cdda79e2f5a6","reportUrl":"https://RedRoverSchool.github.io/OpenWeatherPython_06/6//#testresult/e4d9cdda79e2f5a6","status":"passed","time":{"start":1685753805485,"stop":1685753805508,"duration":23}},{"uid":"801c3a8b0f8ac511","reportUrl":"https://RedRoverSchool.github.io/OpenWeatherPython_06/5//#testresult/801c3a8b0f8ac511","status":"broken","statusDetails":"selenium.common.exceptions.NoSuchElementException: Message: no such element: Unable to locate element: {\"method\":\"css selector\",\"selector\":\"ul  > li:nth-child(3) > span.symbol\"}\n  (Session info: headless chrome=113.0.5672.63)\nStacktrace:\n#0 0x560088e86133 <unknown>\n#1 0x560088bba966 <unknown>\n#2 0x560088bf70dc <unknown>\n#3 0x560088bf7211 <unknown>\n#4 0x560088c316c4 <unknown>\n#5 0x560088c16bfd <unknown>\n#6 0x560088c2f1c7 <unknown>\n#7 0x560088c169a3 <unknown>\n#8 0x560088beb46a <unknown>\n#9 0x560088bec55e <unknown>\n#10 0x560088e45cae <unknown>\n#11 0x560088e498fe <unknown>\n#12 0x560088e52f20 <unknown>\n#13 0x560088e4a923 <unknown>\n#14 0x560088e1dc0e <unknown>\n#15 0x560088e6db08 <unknown>\n#16 0x560088e6dc97 <unknown>\n#17 0x560088e7e113 <unknown>\n#18 0x7f8158472b43 <unknown>","time":{"start":1685667493464,"stop":1685667493477,"duration":13}},{"uid":"bea9a7d23df2e3d4","reportUrl":"https://RedRoverSchool.github.io/OpenWeatherPython_06/4//#testresult/bea9a7d23df2e3d4","status":"passed","time":{"start":1685581706689,"stop":1685581706712,"duration":23}},{"uid":"291a6e568381cafd","reportUrl":"https://RedRoverSchool.github.io/OpenWeatherPython_06/3//#testresult/291a6e568381cafd","status":"broken","statusDetails":"selenium.common.exceptions.NoSuchElementException: Message: no such element: Unable to locate element: {\"method\":\"css selector\",\"selector\":\"ul  > li:nth-child(3) > span.symbol\"}\n  (Session info: headless chrome=113.0.5672.63)\nStacktrace:\n#0 0x55da857e1133 <unknown>\n#1 0x55da85515966 <unknown>\n#2 0x55da855520dc <unknown>\n#3 0x55da85552211 <unknown>\n#4 0x55da8558c6c4 <unknown>\n#5 0x55da85571bfd <unknown>\n#6 0x55da8558a1c7 <unknown>\n#7 0x55da855719a3 <unknown>\n#8 0x55da8554646a <unknown>\n#9 0x55da8554755e <unknown>\n#10 0x55da857a0cae <unknown>\n#11 0x55da857a48fe <unknown>\n#12 0x55da857adf20 <unknown>\n#13 0x55da857a5923 <unknown>\n#14 0x55da85778c0e <unknown>\n#15 0x55da857c8b08 <unknown>\n#16 0x55da857c8c97 <unknown>\n#17 0x55da857d9113 <unknown>\n#18 0x7f2a0c008b43 <unknown>","time":{"start":1685494665103,"stop":1685494665118,"duration":15}},{"uid":"e1baf9d88f6ad627","reportUrl":"https://RedRoverSchool.github.io/OpenWeatherPython_06/2//#testresult/e1baf9d88f6ad627","status":"passed","time":{"start":1685408012484,"stop":1685408012508,"duration":24}}]},"tags":[]},"source":"faaca282271d808b.json","parameterValues":[]}